<?xml version="1.0" encoding="UTF-8" ?>
<testsuite failures="1" time="0.28" errors="1" skipped="0" tests="4" name="PersonaTest">
  <properties>
[...]
</properties>
  <testcase time="0" classname="PersonaTest" name="testDelete">
    <error message="Illegal attempt to associate a collection with two open sessions" type="org.hibernate.HibernateException">org.hibernate.HibernateException: Illegal attempt to associate a collection with two open sessions
	at org.hibernate.collection.AbstractPersistentCollection.setCurrentSession(AbstractPersistentCollection.java:432)
	at org.hibernate.event.def.OnUpdateVisitor.processCollection(OnUpdateVisitor.java:66)
	at org.hibernate.event.def.AbstractVisitor.processValue(AbstractVisitor.java:124)
	at org.hibernate.event.def.AbstractVisitor.processValue(AbstractVisitor.java:84)
	at org.hibernate.event.def.AbstractVisitor.processEntityPropertyValues(AbstractVisitor.java:78)
	at org.hibernate.event.def.AbstractVisitor.process(AbstractVisitor.java:146)
	at org.hibernate.event.def.DefaultDeleteEventListener.onDelete(DefaultDeleteEventListener.java:123)
	at org.hibernate.event.def.DefaultDeleteEventListener.onDelete(DefaultDeleteEventListener.java:74)
	at org.hibernate.impl.SessionImpl.fireDelete(SessionImpl.java:793)
	at org.hibernate.impl.SessionImpl.delete(SessionImpl.java:771)
	at PersonaTest.testDelete(PersonaTest.java:151)
	at sun.reflect.NativeMethodAccessorImpl.invoke0(Native Method)
	at sun.reflect.NativeMethodAccessorImpl.invoke(NativeMethodAccessorImpl.java:57)
	at sun.reflect.DelegatingMethodAccessorImpl.invoke(DelegatingMethodAccessorImpl.java:43)
	at java.lang.reflect.Method.invoke(Method.java:606)
	at org.junit.runners.model.FrameworkMethod$1.runReflectiveCall(FrameworkMethod.java:47)
	at org.junit.internal.runners.model.ReflectiveCallable.run(ReflectiveCallable.java:12)
	at org.junit.runners.model.FrameworkMethod.invokeExplosively(FrameworkMethod.java:44)
	at org.junit.internal.runners.statements.InvokeMethod.evaluate(InvokeMethod.java:17)
	at org.junit.internal.runners.statements.RunAfters.evaluate(RunAfters.java:27)
	at org.junit.runners.ParentRunner.runLeaf(ParentRunner.java:271)
	at org.junit.runners.BlockJUnit4ClassRunner.runChild(BlockJUnit4ClassRunner.java:70)
	at org.junit.runners.BlockJUnit4ClassRunner.runChild(BlockJUnit4ClassRunner.java:50)
	at org.junit.runners.ParentRunner$3.run(ParentRunner.java:238)
	at org.junit.runners.ParentRunner$1.schedule(ParentRunner.java:63)
	at org.junit.runners.ParentRunner.runChildren(ParentRunner.java:236)
	at org.junit.runners.ParentRunner.access$000(ParentRunner.java:53)
	at org.junit.runners.ParentRunner$2.evaluate(ParentRunner.java:229)
	at org.junit.internal.runners.statements.RunBefores.evaluate(RunBefores.java:26)
	at org.junit.runners.ParentRunner.run(ParentRunner.java:309)
	at org.apache.maven.surefire.junit4.JUnit4Provider.execute(JUnit4Provider.java:252)
	at org.apache.maven.surefire.junit4.JUnit4Provider.executeTestSet(JUnit4Provider.java:141)
	at org.apache.maven.surefire.junit4.JUnit4Provider.invoke(JUnit4Provider.java:112)
	at sun.reflect.NativeMethodAccessorImpl.invoke0(Native Method)
	at sun.reflect.NativeMethodAccessorImpl.invoke(NativeMethodAccessorImpl.java:57)
	at sun.reflect.DelegatingMethodAccessorImpl.invoke(DelegatingMethodAccessorImpl.java:43)
	at java.lang.reflect.Method.invoke(Method.java:606)
	at org.apache.maven.surefire.util.ReflectionUtils.invokeMethodWithArray(ReflectionUtils.java:189)
	at org.apache.maven.surefire.booter.ProviderFactory$ProviderProxy.invoke(ProviderFactory.java:165)
	at org.apache.maven.surefire.booter.ProviderFactory.invokeProvider(ProviderFactory.java:85)
	at org.apache.maven.surefire.booter.ForkedBooter.runSuitesInProcess(ForkedBooter.java:115)
	at org.apache.maven.surefire.booter.ForkedBooter.main(ForkedBooter.java:75)
</error>
    <system-out>Hibernate: insert into Persona (apellidos, edad, f_nacimiento, nombre) values (?, ?, ?, ?)
Hibernate: insert into Persona (apellidos, edad, f_nacimiento, nombre) values (?, ?, ?, ?)
Hibernate: insert into Persona (apellidos, edad, f_nacimiento, nombre) values (?, ?, ?, ?)
Hibernate: insert into Persona (apellidos, edad, f_nacimiento, nombre) values (?, ?, ?, ?)
Hibernate: insert into Persona (apellidos, edad, f_nacimiento, nombre) values (?, ?, ?, ?)
Hibernate: insert into Persona (apellidos, edad, f_nacimiento, nombre) values (?, ?, ?, ?)
Hibernate: insert into Persona (apellidos, edad, f_nacimiento, nombre) values (?, ?, ?, ?)
Hibernate: insert into Persona (apellidos, edad, f_nacimiento, nombre) values (?, ?, ?, ?)
Hibernate: insert into Persona (apellidos, edad, f_nacimiento, nombre) values (?, ?, ?, ?)
Hibernate: insert into Persona (apellidos, edad, f_nacimiento, nombre) values (?, ?, ?, ?)
Hibernate: insert into Persona (apellidos, edad, f_nacimiento, nombre) values (?, ?, ?, ?)
Hibernate: insert into Persona (apellidos, edad, f_nacimiento, nombre) values (?, ?, ?, ?)
Hibernate: insert into Persona (apellidos, edad, f_nacimiento, nombre) values (?, ?, ?, ?)
Hibernate: insert into Persona (apellidos, edad, f_nacimiento, nombre) values (?, ?, ?, ?)
Hibernate: insert into Persona (apellidos, edad, f_nacimiento, nombre) values (?, ?, ?, ?)
Hibernate: insert into Persona (apellidos, edad, f_nacimiento, nombre) values (?, ?, ?, ?)
Hibernate: insert into Persona (apellidos, edad, f_nacimiento, nombre) values (?, ?, ?, ?)
Hibernate: insert into Persona (apellidos, edad, f_nacimiento, nombre) values (?, ?, ?, ?)
Hibernate: insert into Persona (apellidos, edad, f_nacimiento, nombre) values (?, ?, ?, ?)
Hibernate: insert into Persona (apellidos, edad, f_nacimiento, nombre) values (?, ?, ?, ?)
Hibernate: insert into Persona (apellidos, edad, f_nacimiento, nombre) values (?, ?, ?, ?)
Hibernate: insert into Persona (apellidos, edad, f_nacimiento, nombre) values (?, ?, ?, ?)
Hibernate: insert into Persona (apellidos, edad, f_nacimiento, nombre) values (?, ?, ?, ?)
Hibernate: insert into Persona (apellidos, edad, f_nacimiento, nombre) values (?, ?, ?, ?)
Hibernate: insert into Persona (apellidos, edad, f_nacimiento, nombre) values (?, ?, ?, ?)
Hibernate: insert into Persona (apellidos, edad, f_nacimiento, nombre) values (?, ?, ?, ?)
Hibernate: insert into Persona (apellidos, edad, f_nacimiento, nombre) values (?, ?, ?, ?)
Hibernate: insert into Persona (apellidos, edad, f_nacimiento, nombre) values (?, ?, ?, ?)
Hibernate: insert into Persona (apellidos, edad, f_nacimiento, nombre) values (?, ?, ?, ?)
Hibernate: insert into Persona (apellidos, edad, f_nacimiento, nombre) values (?, ?, ?, ?)
Hibernate: insert into Persona (apellidos, edad, f_nacimiento, nombre) values (?, ?, ?, ?)
Hibernate: insert into Persona (apellidos, edad, f_nacimiento, nombre) values (?, ?, ?, ?)
Hibernate: insert into Persona (apellidos, edad, f_nacimiento, nombre) values (?, ?, ?, ?)
Hibernate: insert into Persona (apellidos, edad, f_nacimiento, nombre) values (?, ?, ?, ?)
Hibernate: insert into Persona (apellidos, edad, f_nacimiento, nombre) values (?, ?, ?, ?)
Hibernate: insert into Persona (apellidos, edad, f_nacimiento, nombre) values (?, ?, ?, ?)
Hibernate: insert into Persona (apellidos, edad, f_nacimiento, nombre) values (?, ?, ?, ?)
Hibernate: insert into Persona (apellidos, edad, f_nacimiento, nombre) values (?, ?, ?, ?)
Hibernate: insert into Persona (apellidos, edad, f_nacimiento, nombre) values (?, ?, ?, ?)
Hibernate: insert into Persona (apellidos, edad, f_nacimiento, nombre) values (?, ?, ?, ?)
Hibernate: insert into Persona (apellidos, edad, f_nacimiento, nombre) values (?, ?, ?, ?)
Hibernate: insert into Persona (apellidos, edad, f_nacimiento, nombre) values (?, ?, ?, ?)
Hibernate: insert into Persona (apellidos, edad, f_nacimiento, nombre) values (?, ?, ?, ?)
Hibernate: insert into Persona (apellidos, edad, f_nacimiento, nombre) values (?, ?, ?, ?)
Hibernate: insert into Persona (apellidos, edad, f_nacimiento, nombre) values (?, ?, ?, ?)
Hibernate: insert into Persona (apellidos, edad, f_nacimiento, nombre) values (?, ?, ?, ?)
Hibernate: insert into Persona (apellidos, edad, f_nacimiento, nombre) values (?, ?, ?, ?)
Hibernate: insert into Persona (apellidos, edad, f_nacimiento, nombre) values (?, ?, ?, ?)
Hibernate: insert into Persona (apellidos, edad, f_nacimiento, nombre) values (?, ?, ?, ?)
Hibernate: insert into Persona (apellidos, edad, f_nacimiento, nombre) values (?, ?, ?, ?)
Hibernate: insert into Persona (apellidos, edad, f_nacimiento, nombre) values (?, ?, ?, ?)
Hibernate: insert into Persona (apellidos, edad, f_nacimiento, nombre) values (?, ?, ?, ?)
Hibernate: insert into Persona (apellidos, edad, f_nacimiento, nombre) values (?, ?, ?, ?)
Hibernate: insert into Persona (apellidos, edad, f_nacimiento, nombre) values (?, ?, ?, ?)
Hibernate: insert into Persona (apellidos, edad, f_nacimiento, nombre) values (?, ?, ?, ?)
Hibernate: insert into Persona (apellidos, edad, f_nacimiento, nombre) values (?, ?, ?, ?)
Hibernate: insert into Persona (apellidos, edad, f_nacimiento, nombre) values (?, ?, ?, ?)
Hibernate: insert into Persona (apellidos, edad, f_nacimiento, nombre) values (?, ?, ?, ?)
Hibernate: insert into Persona (apellidos, edad, f_nacimiento, nombre) values (?, ?, ?, ?)
Hibernate: insert into Persona (apellidos, edad, f_nacimiento, nombre) values (?, ?, ?, ?)
Hibernate: insert into Persona (apellidos, edad, f_nacimiento, nombre) values (?, ?, ?, ?)
Hibernate: insert into Persona (apellidos, edad, f_nacimiento, nombre) values (?, ?, ?, ?)
Hibernate: insert into Persona (apellidos, edad, f_nacimiento, nombre) values (?, ?, ?, ?)
Hibernate: insert into Persona (apellidos, edad, f_nacimiento, nombre) values (?, ?, ?, ?)
Hibernate: insert into Persona (apellidos, edad, f_nacimiento, nombre) values (?, ?, ?, ?)
Hibernate: insert into Persona (apellidos, edad, f_nacimiento, nombre) values (?, ?, ?, ?)
Hibernate: insert into Persona (apellidos, edad, f_nacimiento, nombre) values (?, ?, ?, ?)
Hibernate: insert into Persona (apellidos, edad, f_nacimiento, nombre) values (?, ?, ?, ?)
Hibernate: insert into Persona (apellidos, edad, f_nacimiento, nombre) values (?, ?, ?, ?)
Hibernate: insert into Persona (apellidos, edad, f_nacimiento, nombre) values (?, ?, ?, ?)
Hibernate: insert into Persona (apellidos, edad, f_nacimiento, nombre) values (?, ?, ?, ?)
Hibernate: insert into Persona (apellidos, edad, f_nacimiento, nombre) values (?, ?, ?, ?)
Hibernate: insert into Persona (apellidos, edad, f_nacimiento, nombre) values (?, ?, ?, ?)
Hibernate: insert into Persona (apellidos, edad, f_nacimiento, nombre) values (?, ?, ?, ?)
Hibernate: insert into Persona (apellidos, edad, f_nacimiento, nombre) values (?, ?, ?, ?)
Hibernate: insert into Persona (apellidos, edad, f_nacimiento, nombre) values (?, ?, ?, ?)
Hibernate: insert into Persona (apellidos, edad, f_nacimiento, nombre) values (?, ?, ?, ?)
Hibernate: insert into Persona (apellidos, edad, f_nacimiento, nombre) values (?, ?, ?, ?)
Hibernate: insert into Persona (apellidos, edad, f_nacimiento, nombre) values (?, ?, ?, ?)
Hibernate: insert into Persona (apellidos, edad, f_nacimiento, nombre) values (?, ?, ?, ?)
Hibernate: insert into Persona (apellidos, edad, f_nacimiento, nombre) values (?, ?, ?, ?)
Hibernate: insert into Persona (apellidos, edad, f_nacimiento, nombre) values (?, ?, ?, ?)
Hibernate: insert into Persona (apellidos, edad, f_nacimiento, nombre) values (?, ?, ?, ?)
Hibernate: insert into Persona (apellidos, edad, f_nacimiento, nombre) values (?, ?, ?, ?)
Hibernate: insert into Persona (apellidos, edad, f_nacimiento, nombre) values (?, ?, ?, ?)
Hibernate: insert into Persona (apellidos, edad, f_nacimiento, nombre) values (?, ?, ?, ?)
Hibernate: insert into Persona (apellidos, edad, f_nacimiento, nombre) values (?, ?, ?, ?)
Hibernate: insert into Persona (apellidos, edad, f_nacimiento, nombre) values (?, ?, ?, ?)
Hibernate: insert into Persona (apellidos, edad, f_nacimiento, nombre) values (?, ?, ?, ?)
Hibernate: insert into Persona (apellidos, edad, f_nacimiento, nombre) values (?, ?, ?, ?)
Hibernate: insert into Persona (apellidos, edad, f_nacimiento, nombre) values (?, ?, ?, ?)
Hibernate: insert into Persona (apellidos, edad, f_nacimiento, nombre) values (?, ?, ?, ?)
Hibernate: insert into Persona (apellidos, edad, f_nacimiento, nombre) values (?, ?, ?, ?)
Hibernate: insert into Persona (apellidos, edad, f_nacimiento, nombre) values (?, ?, ?, ?)
Hibernate: insert into Persona (apellidos, edad, f_nacimiento, nombre) values (?, ?, ?, ?)
Hibernate: insert into Persona (apellidos, edad, f_nacimiento, nombre) values (?, ?, ?, ?)
Hibernate: insert into Persona (apellidos, edad, f_nacimiento, nombre) values (?, ?, ?, ?)
Hibernate: insert into Persona (apellidos, edad, f_nacimiento, nombre) values (?, ?, ?, ?)
Hibernate: insert into Persona (apellidos, edad, f_nacimiento, nombre) values (?, ?, ?, ?)
Hibernate: insert into Persona (apellidos, edad, f_nacimiento, nombre) values (?, ?, ?, ?)
Hibernate: insert into Persona (apellidos, edad, f_nacimiento, nombre) values (?, ?, ?, ?)
Hibernate: insert into Persona (apellidos, edad, f_nacimiento, nombre) values (?, ?, ?, ?)
Hibernate: insert into Persona (apellidos, edad, f_nacimiento, nombre) values (?, ?, ?, ?)
Hibernate: insert into Persona (apellidos, edad, f_nacimiento, nombre) values (?, ?, ?, ?)
Hibernate: insert into Persona (apellidos, edad, f_nacimiento, nombre) values (?, ?, ?, ?)
Hibernate: insert into Persona (apellidos, edad, f_nacimiento, nombre) values (?, ?, ?, ?)
Hibernate: insert into Persona (apellidos, edad, f_nacimiento, nombre) values (?, ?, ?, ?)
Hibernate: insert into Persona (apellidos, edad, f_nacimiento, nombre) values (?, ?, ?, ?)
Hibernate: insert into Persona (apellidos, edad, f_nacimiento, nombre) values (?, ?, ?, ?)
Hibernate: insert into Persona (apellidos, edad, f_nacimiento, nombre) values (?, ?, ?, ?)
Hibernate: insert into Persona (apellidos, edad, f_nacimiento, nombre) values (?, ?, ?, ?)
Hibernate: insert into Persona (apellidos, edad, f_nacimiento, nombre) values (?, ?, ?, ?)
Hibernate: insert into Persona (apellidos, edad, f_nacimiento, nombre) values (?, ?, ?, ?)
Hibernate: insert into Persona (apellidos, edad, f_nacimiento, nombre) values (?, ?, ?, ?)
Hibernate: insert into Persona (apellidos, edad, f_nacimiento, nombre) values (?, ?, ?, ?)
Hibernate: insert into Persona (apellidos, edad, f_nacimiento, nombre) values (?, ?, ?, ?)
Hibernate: insert into Persona (apellidos, edad, f_nacimiento, nombre) values (?, ?, ?, ?)
Hibernate: insert into Persona (apellidos, edad, f_nacimiento, nombre) values (?, ?, ?, ?)
Hibernate: insert into Persona (apellidos, edad, f_nacimiento, nombre) values (?, ?, ?, ?)
Hibernate: insert into Persona (apellidos, edad, f_nacimiento, nombre) values (?, ?, ?, ?)
Hibernate: insert into Persona (apellidos, edad, f_nacimiento, nombre) values (?, ?, ?, ?)
Hibernate: insert into Persona (apellidos, edad, f_nacimiento, nombre) values (?, ?, ?, ?)
Hibernate: insert into Persona (apellidos, edad, f_nacimiento, nombre) values (?, ?, ?, ?)
Hibernate: insert into Persona (apellidos, edad, f_nacimiento, nombre) values (?, ?, ?, ?)
Hibernate: insert into Persona (apellidos, edad, f_nacimiento, nombre) values (?, ?, ?, ?)
Hibernate: insert into Persona (apellidos, edad, f_nacimiento, nombre) values (?, ?, ?, ?)
Hibernate: insert into Persona (apellidos, edad, f_nacimiento, nombre) values (?, ?, ?, ?)
Hibernate: insert into Persona (apellidos, edad, f_nacimiento, nombre) values (?, ?, ?, ?)
Hibernate: insert into Persona (apellidos, edad, f_nacimiento, nombre) values (?, ?, ?, ?)
Hibernate: insert into Persona (apellidos, edad, f_nacimiento, nombre) values (?, ?, ?, ?)
Hibernate: insert into Persona (apellidos, edad, f_nacimiento, nombre) values (?, ?, ?, ?)
Hibernate: insert into Persona (apellidos, edad, f_nacimiento, nombre) values (?, ?, ?, ?)
Hibernate: insert into Persona (apellidos, edad, f_nacimiento, nombre) values (?, ?, ?, ?)
Hibernate: insert into Persona (apellidos, edad, f_nacimiento, nombre) values (?, ?, ?, ?)
Hibernate: insert into Persona (apellidos, edad, f_nacimiento, nombre) values (?, ?, ?, ?)
Hibernate: insert into Persona (apellidos, edad, f_nacimiento, nombre) values (?, ?, ?, ?)
Hibernate: insert into Persona (apellidos, edad, f_nacimiento, nombre) values (?, ?, ?, ?)
Hibernate: insert into Persona (apellidos, edad, f_nacimiento, nombre) values (?, ?, ?, ?)
Hibernate: insert into Persona (apellidos, edad, f_nacimiento, nombre) values (?, ?, ?, ?)
Hibernate: insert into Persona (apellidos, edad, f_nacimiento, nombre) values (?, ?, ?, ?)
Hibernate: insert into Persona (apellidos, edad, f_nacimiento, nombre) values (?, ?, ?, ?)
Hibernate: insert into Persona (apellidos, edad, f_nacimiento, nombre) values (?, ?, ?, ?)
Hibernate: insert into Persona (apellidos, edad, f_nacimiento, nombre) values (?, ?, ?, ?)
Hibernate: insert into Persona (apellidos, edad, f_nacimiento, nombre) values (?, ?, ?, ?)
Hibernate: insert into Persona (apellidos, edad, f_nacimiento, nombre) values (?, ?, ?, ?)
Hibernate: insert into Persona (apellidos, edad, f_nacimiento, nombre) values (?, ?, ?, ?)
Hibernate: insert into Persona (apellidos, edad, f_nacimiento, nombre) values (?, ?, ?, ?)
Hibernate: insert into Persona (apellidos, edad, f_nacimiento, nombre) values (?, ?, ?, ?)
Hibernate: insert into Persona (apellidos, edad, f_nacimiento, nombre) values (?, ?, ?, ?)
Hibernate: insert into Persona (apellidos, edad, f_nacimiento, nombre) values (?, ?, ?, ?)
Hibernate: insert into Persona (apellidos, edad, f_nacimiento, nombre) values (?, ?, ?, ?)
Hibernate: insert into Persona (apellidos, edad, f_nacimiento, nombre) values (?, ?, ?, ?)
Hibernate: insert into Persona (apellidos, edad, f_nacimiento, nombre) values (?, ?, ?, ?)
Hibernate: insert into Persona (apellidos, edad, f_nacimiento, nombre) values (?, ?, ?, ?)
Hibernate: insert into Persona (apellidos, edad, f_nacimiento, nombre) values (?, ?, ?, ?)
Hibernate: insert into Persona (apellidos, edad, f_nacimiento, nombre) values (?, ?, ?, ?)
Hibernate: insert into Persona (apellidos, edad, f_nacimiento, nombre) values (?, ?, ?, ?)
Hibernate: insert into Persona (apellidos, edad, f_nacimiento, nombre) values (?, ?, ?, ?)
Hibernate: insert into Persona (apellidos, edad, f_nacimiento, nombre) values (?, ?, ?, ?)
Hibernate: insert into Persona (apellidos, edad, f_nacimiento, nombre) values (?, ?, ?, ?)
Hibernate: insert into Persona (apellidos, edad, f_nacimiento, nombre) values (?, ?, ?, ?)
Hibernate: insert into Persona (apellidos, edad, f_nacimiento, nombre) values (?, ?, ?, ?)
Hibernate: insert into Persona (apellidos, edad, f_nacimiento, nombre) values (?, ?, ?, ?)
Hibernate: insert into Persona (apellidos, edad, f_nacimiento, nombre) values (?, ?, ?, ?)
Hibernate: insert into Persona (apellidos, edad, f_nacimiento, nombre) values (?, ?, ?, ?)
Hibernate: insert into Persona (apellidos, edad, f_nacimiento, nombre) values (?, ?, ?, ?)
Hibernate: insert into Persona (apellidos, edad, f_nacimiento, nombre) values (?, ?, ?, ?)
Hibernate: insert into Persona (apellidos, edad, f_nacimiento, nombre) values (?, ?, ?, ?)
Hibernate: insert into Persona (apellidos, edad, f_nacimiento, nombre) values (?, ?, ?, ?)
Hibernate: insert into Persona (apellidos, edad, f_nacimiento, nombre) values (?, ?, ?, ?)
Hibernate: insert into Persona (apellidos, edad, f_nacimiento, nombre) values (?, ?, ?, ?)
Hibernate: insert into Persona (apellidos, edad, f_nacimiento, nombre) values (?, ?, ?, ?)
Hibernate: insert into Persona (apellidos, edad, f_nacimiento, nombre) values (?, ?, ?, ?)
Hibernate: insert into Persona (apellidos, edad, f_nacimiento, nombre) values (?, ?, ?, ?)
Hibernate: insert into Persona (apellidos, edad, f_nacimiento, nombre) values (?, ?, ?, ?)
Hibernate: insert into Persona (apellidos, edad, f_nacimiento, nombre) values (?, ?, ?, ?)
Hibernate: insert into Persona (apellidos, edad, f_nacimiento, nombre) values (?, ?, ?, ?)
Hibernate: insert into Persona (apellidos, edad, f_nacimiento, nombre) values (?, ?, ?, ?)
Hibernate: insert into Persona (apellidos, edad, f_nacimiento, nombre) values (?, ?, ?, ?)
Hibernate: insert into Persona (apellidos, edad, f_nacimiento, nombre) values (?, ?, ?, ?)
Hibernate: insert into Persona (apellidos, edad, f_nacimiento, nombre) values (?, ?, ?, ?)
Hibernate: insert into Persona (apellidos, edad, f_nacimiento, nombre) values (?, ?, ?, ?)
Hibernate: insert into Persona (apellidos, edad, f_nacimiento, nombre) values (?, ?, ?, ?)
Hibernate: insert into Persona (apellidos, edad, f_nacimiento, nombre) values (?, ?, ?, ?)
Hibernate: insert into Persona (apellidos, edad, f_nacimiento, nombre) values (?, ?, ?, ?)
Hibernate: insert into Persona (apellidos, edad, f_nacimiento, nombre) values (?, ?, ?, ?)
Hibernate: insert into Persona (apellidos, edad, f_nacimiento, nombre) values (?, ?, ?, ?)
Hibernate: insert into Persona (apellidos, edad, f_nacimiento, nombre) values (?, ?, ?, ?)
Hibernate: insert into Persona (apellidos, edad, f_nacimiento, nombre) values (?, ?, ?, ?)
Hibernate: insert into Persona (apellidos, edad, f_nacimiento, nombre) values (?, ?, ?, ?)
Hibernate: insert into Persona (apellidos, edad, f_nacimiento, nombre) values (?, ?, ?, ?)
Hibernate: insert into Persona (apellidos, edad, f_nacimiento, nombre) values (?, ?, ?, ?)
Hibernate: insert into Persona (apellidos, edad, f_nacimiento, nombre) values (?, ?, ?, ?)
Hibernate: insert into Persona (apellidos, edad, f_nacimiento, nombre) values (?, ?, ?, ?)
Hibernate: insert into Persona (apellidos, edad, f_nacimiento, nombre) values (?, ?, ?, ?)
Hibernate: insert into Persona (apellidos, edad, f_nacimiento, nombre) values (?, ?, ?, ?)
Hibernate: insert into Persona (apellidos, edad, f_nacimiento, nombre) values (?, ?, ?, ?)
Hibernate: insert into Persona (apellidos, edad, f_nacimiento, nombre) values (?, ?, ?, ?)
Hibernate: insert into Persona (apellidos, edad, f_nacimiento, nombre) values (?, ?, ?, ?)
Hibernate: insert into Persona (apellidos, edad, f_nacimiento, nombre) values (?, ?, ?, ?)
Hibernate: insert into Persona (apellidos, edad, f_nacimiento, nombre) values (?, ?, ?, ?)
Hibernate: insert into Persona (apellidos, edad, f_nacimiento, nombre) values (?, ?, ?, ?)
Hibernate: insert into Persona (apellidos, edad, f_nacimiento, nombre) values (?, ?, ?, ?)
Hibernate: insert into Persona (apellidos, edad, f_nacimiento, nombre) values (?, ?, ?, ?)
Hibernate: insert into Persona (apellidos, edad, f_nacimiento, nombre) values (?, ?, ?, ?)
Hibernate: insert into Persona (apellidos, edad, f_nacimiento, nombre) values (?, ?, ?, ?)
Hibernate: insert into Persona (apellidos, edad, f_nacimiento, nombre) values (?, ?, ?, ?)
Hibernate: insert into Persona (apellidos, edad, f_nacimiento, nombre) values (?, ?, ?, ?)
Hibernate: insert into Persona (apellidos, edad, f_nacimiento, nombre) values (?, ?, ?, ?)
Hibernate: insert into Persona (apellidos, edad, f_nacimiento, nombre) values (?, ?, ?, ?)
Hibernate: insert into Persona (apellidos, edad, f_nacimiento, nombre) values (?, ?, ?, ?)
Hibernate: insert into Persona (apellidos, edad, f_nacimiento, nombre) values (?, ?, ?, ?)
Hibernate: insert into Persona (apellidos, edad, f_nacimiento, nombre) values (?, ?, ?, ?)
Hibernate: insert into Persona (apellidos, edad, f_nacimiento, nombre) values (?, ?, ?, ?)
Hibernate: insert into Persona (apellidos, edad, f_nacimiento, nombre) values (?, ?, ?, ?)
Hibernate: insert into Persona (apellidos, edad, f_nacimiento, nombre) values (?, ?, ?, ?)
Hibernate: insert into Persona (apellidos, edad, f_nacimiento, nombre) values (?, ?, ?, ?)
Hibernate: insert into Persona (apellidos, edad, f_nacimiento, nombre) values (?, ?, ?, ?)
Hibernate: insert into Persona (apellidos, edad, f_nacimiento, nombre) values (?, ?, ?, ?)
Hibernate: insert into Persona (apellidos, edad, f_nacimiento, nombre) values (?, ?, ?, ?)
Hibernate: insert into Persona (apellidos, edad, f_nacimiento, nombre) values (?, ?, ?, ?)
Hibernate: insert into Persona (apellidos, edad, f_nacimiento, nombre) values (?, ?, ?, ?)
Hibernate: insert into Persona (apellidos, edad, f_nacimiento, nombre) values (?, ?, ?, ?)
Hibernate: insert into Persona (apellidos, edad, f_nacimiento, nombre) values (?, ?, ?, ?)
Hibernate: insert into Persona (apellidos, edad, f_nacimiento, nombre) values (?, ?, ?, ?)
Hibernate: insert into Persona (apellidos, edad, f_nacimiento, nombre) values (?, ?, ?, ?)
Hibernate: insert into Persona (apellidos, edad, f_nacimiento, nombre) values (?, ?, ?, ?)
Hibernate: insert into Persona (apellidos, edad, f_nacimiento, nombre) values (?, ?, ?, ?)
Hibernate: insert into Persona (apellidos, edad, f_nacimiento, nombre) values (?, ?, ?, ?)
Hibernate: insert into Persona (apellidos, edad, f_nacimiento, nombre) values (?, ?, ?, ?)
Hibernate: insert into Persona (apellidos, edad, f_nacimiento, nombre) values (?, ?, ?, ?)
Hibernate: insert into Persona (apellidos, edad, f_nacimiento, nombre) values (?, ?, ?, ?)
Hibernate: insert into Persona (apellidos, edad, f_nacimiento, nombre) values (?, ?, ?, ?)
Hibernate: insert into Persona (apellidos, edad, f_nacimiento, nombre) values (?, ?, ?, ?)
Hibernate: insert into Persona (apellidos, edad, f_nacimiento, nombre) values (?, ?, ?, ?)
Hibernate: insert into Persona (apellidos, edad, f_nacimiento, nombre) values (?, ?, ?, ?)
Hibernate: insert into Persona (apellidos, edad, f_nacimiento, nombre) values (?, ?, ?, ?)
Hibernate: insert into Persona (apellidos, edad, f_nacimiento, nombre) values (?, ?, ?, ?)
Hibernate: insert into Persona (apellidos, edad, f_nacimiento, nombre) values (?, ?, ?, ?)
Hibernate: insert into Persona (apellidos, edad, f_nacimiento, nombre) values (?, ?, ?, ?)
Hibernate: insert into Persona (apellidos, edad, f_nacimiento, nombre) values (?, ?, ?, ?)
Hibernate: insert into Persona (apellidos, edad, f_nacimiento, nombre) values (?, ?, ?, ?)
Hibernate: insert into Persona (apellidos, edad, f_nacimiento, nombre) values (?, ?, ?, ?)
Hibernate: insert into Persona (apellidos, edad, f_nacimiento, nombre) values (?, ?, ?, ?)
Hibernate: insert into Persona (apellidos, edad, f_nacimiento, nombre) values (?, ?, ?, ?)
Hibernate: insert into Persona (apellidos, edad, f_nacimiento, nombre) values (?, ?, ?, ?)
Hibernate: insert into Persona (apellidos, edad, f_nacimiento, nombre) values (?, ?, ?, ?)
Hibernate: insert into Persona (apellidos, edad, f_nacimiento, nombre) values (?, ?, ?, ?)
Hibernate: insert into Persona (apellidos, edad, f_nacimiento, nombre) values (?, ?, ?, ?)
Hibernate: insert into Persona (apellidos, edad, f_nacimiento, nombre) values (?, ?, ?, ?)
Hibernate: insert into Persona (apellidos, edad, f_nacimiento, nombre) values (?, ?, ?, ?)
Hibernate: insert into Persona (apellidos, edad, f_nacimiento, nombre) values (?, ?, ?, ?)
Hibernate: insert into Persona (apellidos, edad, f_nacimiento, nombre) values (?, ?, ?, ?)
Hibernate: insert into Persona (apellidos, edad, f_nacimiento, nombre) values (?, ?, ?, ?)
Hibernate: insert into Persona (apellidos, edad, f_nacimiento, nombre) values (?, ?, ?, ?)
Hibernate: insert into Persona (apellidos, edad, f_nacimiento, nombre) values (?, ?, ?, ?)
Hibernate: insert into Persona (apellidos, edad, f_nacimiento, nombre) values (?, ?, ?, ?)
Hibernate: insert into Persona (apellidos, edad, f_nacimiento, nombre) values (?, ?, ?, ?)
Hibernate: insert into Persona (apellidos, edad, f_nacimiento, nombre) values (?, ?, ?, ?)
Hibernate: insert into Persona (apellidos, edad, f_nacimiento, nombre) values (?, ?, ?, ?)
Hibernate: insert into Persona (apellidos, edad, f_nacimiento, nombre) values (?, ?, ?, ?)
Hibernate: insert into Persona (apellidos, edad, f_nacimiento, nombre) values (?, ?, ?, ?)
Hibernate: insert into Persona (apellidos, edad, f_nacimiento, nombre) values (?, ?, ?, ?)
Hibernate: insert into Persona (apellidos, edad, f_nacimiento, nombre) values (?, ?, ?, ?)
Hibernate: insert into Persona (apellidos, edad, f_nacimiento, nombre) values (?, ?, ?, ?)
Hibernate: insert into Persona (apellidos, edad, f_nacimiento, nombre) values (?, ?, ?, ?)
Hibernate: insert into Persona (apellidos, edad, f_nacimiento, nombre) values (?, ?, ?, ?)
Hibernate: insert into Persona (apellidos, edad, f_nacimiento, nombre) values (?, ?, ?, ?)
Hibernate: insert into Persona (apellidos, edad, f_nacimiento, nombre) values (?, ?, ?, ?)
Hibernate: insert into Persona (apellidos, edad, f_nacimiento, nombre) values (?, ?, ?, ?)
Hibernate: insert into Persona (apellidos, edad, f_nacimiento, nombre) values (?, ?, ?, ?)
Hibernate: insert into Persona (apellidos, edad, f_nacimiento, nombre) values (?, ?, ?, ?)
Hibernate: insert into Persona (apellidos, edad, f_nacimiento, nombre) values (?, ?, ?, ?)
Hibernate: insert into Persona (apellidos, edad, f_nacimiento, nombre) values (?, ?, ?, ?)
Hibernate: insert into Persona (apellidos, edad, f_nacimiento, nombre) values (?, ?, ?, ?)
Hibernate: insert into Persona (apellidos, edad, f_nacimiento, nombre) values (?, ?, ?, ?)
Hibernate: insert into Persona (apellidos, edad, f_nacimiento, nombre) values (?, ?, ?, ?)
Hibernate: insert into Persona (apellidos, edad, f_nacimiento, nombre) values (?, ?, ?, ?)
Hibernate: insert into Persona (apellidos, edad, f_nacimiento, nombre) values (?, ?, ?, ?)
Hibernate: insert into Persona (apellidos, edad, f_nacimiento, nombre) values (?, ?, ?, ?)
Hibernate: insert into Persona (apellidos, edad, f_nacimiento, nombre) values (?, ?, ?, ?)
Hibernate: insert into Persona (apellidos, edad, f_nacimiento, nombre) values (?, ?, ?, ?)
Hibernate: insert into Persona (apellidos, edad, f_nacimiento, nombre) values (?, ?, ?, ?)
Hibernate: insert into Persona (apellidos, edad, f_nacimiento, nombre) values (?, ?, ?, ?)
Hibernate: insert into Persona (apellidos, edad, f_nacimiento, nombre) values (?, ?, ?, ?)
Hibernate: insert into Persona (apellidos, edad, f_nacimiento, nombre) values (?, ?, ?, ?)
Hibernate: insert into Persona (apellidos, edad, f_nacimiento, nombre) values (?, ?, ?, ?)
Hibernate: insert into Persona (apellidos, edad, f_nacimiento, nombre) values (?, ?, ?, ?)
Hibernate: insert into Persona (apellidos, edad, f_nacimiento, nombre) values (?, ?, ?, ?)
Hibernate: insert into Persona (apellidos, edad, f_nacimiento, nombre) values (?, ?, ?, ?)
Hibernate: insert into Persona (apellidos, edad, f_nacimiento, nombre) values (?, ?, ?, ?)
Hibernate: insert into Persona (apellidos, edad, f_nacimiento, nombre) values (?, ?, ?, ?)
Hibernate: insert into Persona (apellidos, edad, f_nacimiento, nombre) values (?, ?, ?, ?)
Hibernate: insert into Persona (apellidos, edad, f_nacimiento, nombre) values (?, ?, ?, ?)
Hibernate: insert into Persona (apellidos, edad, f_nacimiento, nombre) values (?, ?, ?, ?)
Hibernate: insert into Persona (apellidos, edad, f_nacimiento, nombre) values (?, ?, ?, ?)
Hibernate: insert into Persona (apellidos, edad, f_nacimiento, nombre) values (?, ?, ?, ?)
Hibernate: insert into Persona (apellidos, edad, f_nacimiento, nombre) values (?, ?, ?, ?)
Hibernate: insert into Persona (apellidos, edad, f_nacimiento, nombre) values (?, ?, ?, ?)
Hibernate: insert into Persona (apellidos, edad, f_nacimiento, nombre) values (?, ?, ?, ?)
Hibernate: insert into Persona (apellidos, edad, f_nacimiento, nombre) values (?, ?, ?, ?)
Hibernate: insert into Persona (apellidos, edad, f_nacimiento, nombre) values (?, ?, ?, ?)
Hibernate: insert into Persona (apellidos, edad, f_nacimiento, nombre) values (?, ?, ?, ?)
Hibernate: insert into Persona (apellidos, edad, f_nacimiento, nombre) values (?, ?, ?, ?)
Hibernate: insert into Persona (apellidos, edad, f_nacimiento, nombre) values (?, ?, ?, ?)
Hibernate: insert into Persona (apellidos, edad, f_nacimiento, nombre) values (?, ?, ?, ?)
Hibernate: insert into Persona (apellidos, edad, f_nacimiento, nombre) values (?, ?, ?, ?)
Hibernate: insert into Persona (apellidos, edad, f_nacimiento, nombre) values (?, ?, ?, ?)
Hibernate: insert into Persona (apellidos, edad, f_nacimiento, nombre) values (?, ?, ?, ?)
Hibernate: insert into Persona (apellidos, edad, f_nacimiento, nombre) values (?, ?, ?, ?)
Hibernate: insert into Persona (apellidos, edad, f_nacimiento, nombre) values (?, ?, ?, ?)
Hibernate: insert into Persona (apellidos, edad, f_nacimiento, nombre) values (?, ?, ?, ?)
Hibernate: insert into Persona (apellidos, edad, f_nacimiento, nombre) values (?, ?, ?, ?)
Hibernate: insert into Persona (apellidos, edad, f_nacimiento, nombre) values (?, ?, ?, ?)
Hibernate: insert into Persona (apellidos, edad, f_nacimiento, nombre) values (?, ?, ?, ?)
Hibernate: insert into Persona (apellidos, edad, f_nacimiento, nombre) values (?, ?, ?, ?)
Hibernate: insert into Persona (apellidos, edad, f_nacimiento, nombre) values (?, ?, ?, ?)
Hibernate: insert into Persona (apellidos, edad, f_nacimiento, nombre) values (?, ?, ?, ?)
Hibernate: insert into Persona (apellidos, edad, f_nacimiento, nombre) values (?, ?, ?, ?)
Hibernate: insert into Persona (apellidos, edad, f_nacimiento, nombre) values (?, ?, ?, ?)
Hibernate: insert into Persona (apellidos, edad, f_nacimiento, nombre) values (?, ?, ?, ?)
Hibernate: insert into Persona (apellidos, edad, f_nacimiento, nombre) values (?, ?, ?, ?)
Hibernate: insert into Persona (apellidos, edad, f_nacimiento, nombre) values (?, ?, ?, ?)
Hibernate: insert into Persona (apellidos, edad, f_nacimiento, nombre) values (?, ?, ?, ?)
Hibernate: insert into Persona (apellidos, edad, f_nacimiento, nombre) values (?, ?, ?, ?)
Hibernate: insert into Persona (apellidos, edad, f_nacimiento, nombre) values (?, ?, ?, ?)
Hibernate: insert into Persona (apellidos, edad, f_nacimiento, nombre) values (?, ?, ?, ?)
Hibernate: insert into Persona (apellidos, edad, f_nacimiento, nombre) values (?, ?, ?, ?)
Hibernate: insert into Persona (apellidos, edad, f_nacimiento, nombre) values (?, ?, ?, ?)
Hibernate: insert into Persona (apellidos, edad, f_nacimiento, nombre) values (?, ?, ?, ?)
Hibernate: insert into Persona (apellidos, edad, f_nacimiento, nombre) values (?, ?, ?, ?)
Hibernate: insert into Persona (apellidos, edad, f_nacimiento, nombre) values (?, ?, ?, ?)
Hibernate: insert into Persona (apellidos, edad, f_nacimiento, nombre) values (?, ?, ?, ?)
Hibernate: insert into Persona (apellidos, edad, f_nacimiento, nombre) values (?, ?, ?, ?)
Hibernate: insert into Persona (apellidos, edad, f_nacimiento, nombre) values (?, ?, ?, ?)
Hibernate: insert into Persona (apellidos, edad, f_nacimiento, nombre) values (?, ?, ?, ?)
Hibernate: insert into Persona (apellidos, edad, f_nacimiento, nombre) values (?, ?, ?, ?)
Hibernate: insert into Persona (apellidos, edad, f_nacimiento, nombre) values (?, ?, ?, ?)
Hibernate: insert into Persona (apellidos, edad, f_nacimiento, nombre) values (?, ?, ?, ?)
Hibernate: insert into Persona (apellidos, edad, f_nacimiento, nombre) values (?, ?, ?, ?)
Hibernate: insert into Persona (apellidos, edad, f_nacimiento, nombre) values (?, ?, ?, ?)
Hibernate: insert into Persona (apellidos, edad, f_nacimiento, nombre) values (?, ?, ?, ?)
Hibernate: insert into Persona (apellidos, edad, f_nacimiento, nombre) values (?, ?, ?, ?)
Hibernate: insert into Persona (apellidos, edad, f_nacimiento, nombre) values (?, ?, ?, ?)
Hibernate: insert into Persona (apellidos, edad, f_nacimiento, nombre) values (?, ?, ?, ?)
Hibernate: insert into Persona (apellidos, edad, f_nacimiento, nombre) values (?, ?, ?, ?)
Hibernate: insert into Persona (apellidos, edad, f_nacimiento, nombre) values (?, ?, ?, ?)
Hibernate: insert into Persona (apellidos, edad, f_nacimiento, nombre) values (?, ?, ?, ?)
Hibernate: insert into Persona (apellidos, edad, f_nacimiento, nombre) values (?, ?, ?, ?)
Hibernate: insert into Persona (apellidos, edad, f_nacimiento, nombre) values (?, ?, ?, ?)
Hibernate: insert into Persona (apellidos, edad, f_nacimiento, nombre) values (?, ?, ?, ?)
Hibernate: insert into Persona (apellidos, edad, f_nacimiento, nombre) values (?, ?, ?, ?)
Hibernate: insert into Persona (apellidos, edad, f_nacimiento, nombre) values (?, ?, ?, ?)
Hibernate: insert into Persona (apellidos, edad, f_nacimiento, nombre) values (?, ?, ?, ?)
Hibernate: insert into Persona (apellidos, edad, f_nacimiento, nombre) values (?, ?, ?, ?)
Hibernate: insert into Persona (apellidos, edad, f_nacimiento, nombre) values (?, ?, ?, ?)
Hibernate: insert into Persona (apellidos, edad, f_nacimiento, nombre) values (?, ?, ?, ?)
Hibernate: insert into Persona (apellidos, edad, f_nacimiento, nombre) values (?, ?, ?, ?)
Hibernate: insert into Persona (apellidos, edad, f_nacimiento, nombre) values (?, ?, ?, ?)
Hibernate: insert into Persona (apellidos, edad, f_nacimiento, nombre) values (?, ?, ?, ?)
Hibernate: insert into Persona (apellidos, edad, f_nacimiento, nombre) values (?, ?, ?, ?)
Hibernate: insert into Persona (apellidos, edad, f_nacimiento, nombre) values (?, ?, ?, ?)
Hibernate: insert into Persona (apellidos, edad, f_nacimiento, nombre) values (?, ?, ?, ?)
Hibernate: insert into Persona (apellidos, edad, f_nacimiento, nombre) values (?, ?, ?, ?)
Hibernate: insert into Persona (apellidos, edad, f_nacimiento, nombre) values (?, ?, ?, ?)
Hibernate: insert into Persona (apellidos, edad, f_nacimiento, nombre) values (?, ?, ?, ?)
Hibernate: insert into Persona (apellidos, edad, f_nacimiento, nombre) values (?, ?, ?, ?)
Hibernate: insert into Persona (apellidos, edad, f_nacimiento, nombre) values (?, ?, ?, ?)
Hibernate: insert into Persona (apellidos, edad, f_nacimiento, nombre) values (?, ?, ?, ?)
Hibernate: insert into Persona (apellidos, edad, f_nacimiento, nombre) values (?, ?, ?, ?)
Hibernate: insert into Persona (apellidos, edad, f_nacimiento, nombre) values (?, ?, ?, ?)
Hibernate: insert into Persona (apellidos, edad, f_nacimiento, nombre) values (?, ?, ?, ?)
Hibernate: insert into Persona (apellidos, edad, f_nacimiento, nombre) values (?, ?, ?, ?)
Hibernate: insert into Persona (apellidos, edad, f_nacimiento, nombre) values (?, ?, ?, ?)
Hibernate: insert into Persona (apellidos, edad, f_nacimiento, nombre) values (?, ?, ?, ?)
Hibernate: insert into Persona (apellidos, edad, f_nacimiento, nombre) values (?, ?, ?, ?)
Hibernate: insert into Persona (apellidos, edad, f_nacimiento, nombre) values (?, ?, ?, ?)
Hibernate: insert into Persona (apellidos, edad, f_nacimiento, nombre) values (?, ?, ?, ?)
Hibernate: insert into Persona (apellidos, edad, f_nacimiento, nombre) values (?, ?, ?, ?)
Hibernate: insert into Persona (apellidos, edad, f_nacimiento, nombre) values (?, ?, ?, ?)
Hibernate: insert into Persona (apellidos, edad, f_nacimiento, nombre) values (?, ?, ?, ?)
Hibernate: insert into Persona (apellidos, edad, f_nacimiento, nombre) values (?, ?, ?, ?)
Hibernate: insert into Persona (apellidos, edad, f_nacimiento, nombre) values (?, ?, ?, ?)
Hibernate: insert into Persona (apellidos, edad, f_nacimiento, nombre) values (?, ?, ?, ?)
Hibernate: insert into Persona (apellidos, edad, f_nacimiento, nombre) values (?, ?, ?, ?)
Hibernate: insert into Persona (apellidos, edad, f_nacimiento, nombre) values (?, ?, ?, ?)
Hibernate: insert into Persona (apellidos, edad, f_nacimiento, nombre) values (?, ?, ?, ?)
Hibernate: insert into Persona (apellidos, edad, f_nacimiento, nombre) values (?, ?, ?, ?)
Hibernate: insert into Persona (apellidos, edad, f_nacimiento, nombre) values (?, ?, ?, ?)
Hibernate: insert into Persona (apellidos, edad, f_nacimiento, nombre) values (?, ?, ?, ?)
Hibernate: insert into Persona (apellidos, edad, f_nacimiento, nombre) values (?, ?, ?, ?)
Hibernate: insert into Persona (apellidos, edad, f_nacimiento, nombre) values (?, ?, ?, ?)
Hibernate: insert into Persona (apellidos, edad, f_nacimiento, nombre) values (?, ?, ?, ?)
Hibernate: insert into Persona (apellidos, edad, f_nacimiento, nombre) values (?, ?, ?, ?)
Hibernate: insert into Persona (apellidos, edad, f_nacimiento, nombre) values (?, ?, ?, ?)
Hibernate: insert into Persona (apellidos, edad, f_nacimiento, nombre) values (?, ?, ?, ?)
Hibernate: insert into Persona (apellidos, edad, f_nacimiento, nombre) values (?, ?, ?, ?)
Hibernate: insert into Persona (apellidos, edad, f_nacimiento, nombre) values (?, ?, ?, ?)
Hibernate: insert into Persona (apellidos, edad, f_nacimiento, nombre) values (?, ?, ?, ?)
Hibernate: insert into Persona (apellidos, edad, f_nacimiento, nombre) values (?, ?, ?, ?)
Hibernate: insert into Persona (apellidos, edad, f_nacimiento, nombre) values (?, ?, ?, ?)
Hibernate: insert into Persona (apellidos, edad, f_nacimiento, nombre) values (?, ?, ?, ?)
Hibernate: insert into Persona (apellidos, edad, f_nacimiento, nombre) values (?, ?, ?, ?)
Hibernate: insert into Persona (apellidos, edad, f_nacimiento, nombre) values (?, ?, ?, ?)
Hibernate: insert into Persona (apellidos, edad, f_nacimiento, nombre) values (?, ?, ?, ?)
Hibernate: insert into Persona (apellidos, edad, f_nacimiento, nombre) values (?, ?, ?, ?)
Hibernate: insert into Persona (apellidos, edad, f_nacimiento, nombre) values (?, ?, ?, ?)
Hibernate: insert into Persona (apellidos, edad, f_nacimiento, nombre) values (?, ?, ?, ?)
Hibernate: insert into Persona (apellidos, edad, f_nacimiento, nombre) values (?, ?, ?, ?)
Hibernate: insert into Persona (apellidos, edad, f_nacimiento, nombre) values (?, ?, ?, ?)
Hibernate: insert into Persona (apellidos, edad, f_nacimiento, nombre) values (?, ?, ?, ?)
Hibernate: insert into Persona (apellidos, edad, f_nacimiento, nombre) values (?, ?, ?, ?)
Hibernate: insert into Persona (apellidos, edad, f_nacimiento, nombre) values (?, ?, ?, ?)
Hibernate: insert into Persona (apellidos, edad, f_nacimiento, nombre) values (?, ?, ?, ?)
Hibernate: insert into Persona (apellidos, edad, f_nacimiento, nombre) values (?, ?, ?, ?)
Hibernate: insert into Persona (apellidos, edad, f_nacimiento, nombre) values (?, ?, ?, ?)
Hibernate: insert into Persona (apellidos, edad, f_nacimiento, nombre) values (?, ?, ?, ?)
Hibernate: insert into Persona (apellidos, edad, f_nacimiento, nombre) values (?, ?, ?, ?)
Hibernate: insert into Persona (apellidos, edad, f_nacimiento, nombre) values (?, ?, ?, ?)
Hibernate: insert into Persona (apellidos, edad, f_nacimiento, nombre) values (?, ?, ?, ?)
Hibernate: insert into Persona (apellidos, edad, f_nacimiento, nombre) values (?, ?, ?, ?)
Hibernate: insert into Persona (apellidos, edad, f_nacimiento, nombre) values (?, ?, ?, ?)
Hibernate: insert into Persona (apellidos, edad, f_nacimiento, nombre) values (?, ?, ?, ?)
Hibernate: insert into Persona (apellidos, edad, f_nacimiento, nombre) values (?, ?, ?, ?)
Hibernate: insert into Persona (apellidos, edad, f_nacimiento, nombre) values (?, ?, ?, ?)
Hibernate: insert into Persona (apellidos, edad, f_nacimiento, nombre) values (?, ?, ?, ?)
Hibernate: insert into Persona (apellidos, edad, f_nacimiento, nombre) values (?, ?, ?, ?)
Hibernate: insert into Persona (apellidos, edad, f_nacimiento, nombre) values (?, ?, ?, ?)
Hibernate: insert into Persona (apellidos, edad, f_nacimiento, nombre) values (?, ?, ?, ?)
Hibernate: insert into Persona (apellidos, edad, f_nacimiento, nombre) values (?, ?, ?, ?)
Hibernate: insert into Persona (apellidos, edad, f_nacimiento, nombre) values (?, ?, ?, ?)
Hibernate: insert into Persona (apellidos, edad, f_nacimiento, nombre) values (?, ?, ?, ?)
Hibernate: insert into Persona (apellidos, edad, f_nacimiento, nombre) values (?, ?, ?, ?)
Hibernate: insert into Persona (apellidos, edad, f_nacimiento, nombre) values (?, ?, ?, ?)
Hibernate: insert into Persona (apellidos, edad, f_nacimiento, nombre) values (?, ?, ?, ?)
Hibernate: insert into Persona (apellidos, edad, f_nacimiento, nombre) values (?, ?, ?, ?)
Hibernate: insert into Persona (apellidos, edad, f_nacimiento, nombre) values (?, ?, ?, ?)
Hibernate: insert into Persona (apellidos, edad, f_nacimiento, nombre) values (?, ?, ?, ?)
Hibernate: insert into Persona (apellidos, edad, f_nacimiento, nombre) values (?, ?, ?, ?)
Hibernate: insert into Persona (apellidos, edad, f_nacimiento, nombre) values (?, ?, ?, ?)
Hibernate: insert into Persona (apellidos, edad, f_nacimiento, nombre) values (?, ?, ?, ?)
Hibernate: insert into Persona (apellidos, edad, f_nacimiento, nombre) values (?, ?, ?, ?)
Hibernate: insert into Persona (apellidos, edad, f_nacimiento, nombre) values (?, ?, ?, ?)
Hibernate: insert into Persona (apellidos, edad, f_nacimiento, nombre) values (?, ?, ?, ?)
Hibernate: insert into Persona (apellidos, edad, f_nacimiento, nombre) values (?, ?, ?, ?)
Hibernate: insert into Persona (apellidos, edad, f_nacimiento, nombre) values (?, ?, ?, ?)
Hibernate: insert into Persona (apellidos, edad, f_nacimiento, nombre) values (?, ?, ?, ?)
Hibernate: insert into Persona (apellidos, edad, f_nacimiento, nombre) values (?, ?, ?, ?)
Hibernate: insert into Persona (apellidos, edad, f_nacimiento, nombre) values (?, ?, ?, ?)
Hibernate: insert into Persona (apellidos, edad, f_nacimiento, nombre) values (?, ?, ?, ?)
Hibernate: insert into Persona (apellidos, edad, f_nacimiento, nombre) values (?, ?, ?, ?)
Hibernate: insert into Persona (apellidos, edad, f_nacimiento, nombre) values (?, ?, ?, ?)
Hibernate: insert into Persona (apellidos, edad, f_nacimiento, nombre) values (?, ?, ?, ?)
Hibernate: insert into Persona (apellidos, edad, f_nacimiento, nombre) values (?, ?, ?, ?)
Hibernate: insert into Persona (apellidos, edad, f_nacimiento, nombre) values (?, ?, ?, ?)
Hibernate: insert into Persona (apellidos, edad, f_nacimiento, nombre) values (?, ?, ?, ?)
Hibernate: insert into Persona (apellidos, edad, f_nacimiento, nombre) values (?, ?, ?, ?)
Hibernate: insert into Persona (apellidos, edad, f_nacimiento, nombre) values (?, ?, ?, ?)
Hibernate: insert into Persona (apellidos, edad, f_nacimiento, nombre) values (?, ?, ?, ?)
Hibernate: insert into Persona (apellidos, edad, f_nacimiento, nombre) values (?, ?, ?, ?)
Hibernate: insert into Persona (apellidos, edad, f_nacimiento, nombre) values (?, ?, ?, ?)
Hibernate: insert into Persona (apellidos, edad, f_nacimiento, nombre) values (?, ?, ?, ?)
Hibernate: insert into Persona (apellidos, edad, f_nacimiento, nombre) values (?, ?, ?, ?)
Hibernate: insert into Persona (apellidos, edad, f_nacimiento, nombre) values (?, ?, ?, ?)
Hibernate: insert into Persona (apellidos, edad, f_nacimiento, nombre) values (?, ?, ?, ?)
Hibernate: insert into Persona (apellidos, edad, f_nacimiento, nombre) values (?, ?, ?, ?)
Hibernate: insert into Persona (apellidos, edad, f_nacimiento, nombre) values (?, ?, ?, ?)
Hibernate: insert into Persona (apellidos, edad, f_nacimiento, nombre) values (?, ?, ?, ?)
Hibernate: insert into Persona (apellidos, edad, f_nacimiento, nombre) values (?, ?, ?, ?)
Hibernate: insert into Persona (apellidos, edad, f_nacimiento, nombre) values (?, ?, ?, ?)
Hibernate: insert into Persona (apellidos, edad, f_nacimiento, nombre) values (?, ?, ?, ?)
Hibernate: insert into Persona (apellidos, edad, f_nacimiento, nombre) values (?, ?, ?, ?)
Hibernate: insert into Persona (apellidos, edad, f_nacimiento, nombre) values (?, ?, ?, ?)
Hibernate: insert into Persona (apellidos, edad, f_nacimiento, nombre) values (?, ?, ?, ?)
Hibernate: insert into Persona (apellidos, edad, f_nacimiento, nombre) values (?, ?, ?, ?)
Hibernate: insert into Persona (apellidos, edad, f_nacimiento, nombre) values (?, ?, ?, ?)
Hibernate: insert into Persona (apellidos, edad, f_nacimiento, nombre) values (?, ?, ?, ?)
Hibernate: insert into Persona (apellidos, edad, f_nacimiento, nombre) values (?, ?, ?, ?)
Hibernate: insert into Persona (apellidos, edad, f_nacimiento, nombre) values (?, ?, ?, ?)
Hibernate: insert into Persona (apellidos, edad, f_nacimiento, nombre) values (?, ?, ?, ?)
Hibernate: insert into Persona (apellidos, edad, f_nacimiento, nombre) values (?, ?, ?, ?)
Hibernate: insert into Persona (apellidos, edad, f_nacimiento, nombre) values (?, ?, ?, ?)
Hibernate: insert into Persona (apellidos, edad, f_nacimiento, nombre) values (?, ?, ?, ?)
Hibernate: insert into Persona (apellidos, edad, f_nacimiento, nombre) values (?, ?, ?, ?)
Hibernate: insert into Persona (apellidos, edad, f_nacimiento, nombre) values (?, ?, ?, ?)
Hibernate: insert into Persona (apellidos, edad, f_nacimiento, nombre) values (?, ?, ?, ?)
Hibernate: insert into Persona (apellidos, edad, f_nacimiento, nombre) values (?, ?, ?, ?)
Hibernate: insert into Persona (apellidos, edad, f_nacimiento, nombre) values (?, ?, ?, ?)
Hibernate: insert into Persona (apellidos, edad, f_nacimiento, nombre) values (?, ?, ?, ?)
Hibernate: insert into Persona (apellidos, edad, f_nacimiento, nombre) values (?, ?, ?, ?)
Hibernate: insert into Persona (apellidos, edad, f_nacimiento, nombre) values (?, ?, ?, ?)
Hibernate: insert into Persona (apellidos, edad, f_nacimiento, nombre) values (?, ?, ?, ?)
Hibernate: insert into Persona (apellidos, edad, f_nacimiento, nombre) values (?, ?, ?, ?)
Hibernate: insert into Persona (apellidos, edad, f_nacimiento, nombre) values (?, ?, ?, ?)
Hibernate: insert into Persona (apellidos, edad, f_nacimiento, nombre) values (?, ?, ?, ?)
Hibernate: insert into Persona (apellidos, edad, f_nacimiento, nombre) values (?, ?, ?, ?)
Hibernate: insert into Persona (apellidos, edad, f_nacimiento, nombre) values (?, ?, ?, ?)
Hibernate: insert into Persona (apellidos, edad, f_nacimiento, nombre) values (?, ?, ?, ?)
Hibernate: insert into Persona (apellidos, edad, f_nacimiento, nombre) values (?, ?, ?, ?)
Hibernate: insert into Persona (apellidos, edad, f_nacimiento, nombre) values (?, ?, ?, ?)
Hibernate: insert into Persona (apellidos, edad, f_nacimiento, nombre) values (?, ?, ?, ?)
Hibernate: insert into Persona (apellidos, edad, f_nacimiento, nombre) values (?, ?, ?, ?)
Hibernate: insert into Persona (apellidos, edad, f_nacimiento, nombre) values (?, ?, ?, ?)
Hibernate: insert into Persona (apellidos, edad, f_nacimiento, nombre) values (?, ?, ?, ?)
Hibernate: insert into Persona (apellidos, edad, f_nacimiento, nombre) values (?, ?, ?, ?)
Hibernate: insert into Persona (apellidos, edad, f_nacimiento, nombre) values (?, ?, ?, ?)
Hibernate: insert into Persona (apellidos, edad, f_nacimiento, nombre) values (?, ?, ?, ?)
Hibernate: insert into Persona (apellidos, edad, f_nacimiento, nombre) values (?, ?, ?, ?)
Hibernate: insert into Persona (apellidos, edad, f_nacimiento, nombre) values (?, ?, ?, ?)
Hibernate: insert into Persona (apellidos, edad, f_nacimiento, nombre) values (?, ?, ?, ?)
Hibernate: insert into Persona (apellidos, edad, f_nacimiento, nombre) values (?, ?, ?, ?)
Hibernate: insert into Persona (apellidos, edad, f_nacimiento, nombre) values (?, ?, ?, ?)
Hibernate: insert into Persona (apellidos, edad, f_nacimiento, nombre) values (?, ?, ?, ?)
Hibernate: insert into Persona (apellidos, edad, f_nacimiento, nombre) values (?, ?, ?, ?)
Hibernate: insert into Persona (apellidos, edad, f_nacimiento, nombre) values (?, ?, ?, ?)
Hibernate: insert into Persona (apellidos, edad, f_nacimiento, nombre) values (?, ?, ?, ?)
Hibernate: insert into Persona (apellidos, edad, f_nacimiento, nombre) values (?, ?, ?, ?)
Hibernate: insert into Persona (apellidos, edad, f_nacimiento, nombre) values (?, ?, ?, ?)
Hibernate: insert into Persona (apellidos, edad, f_nacimiento, nombre) values (?, ?, ?, ?)
Hibernate: insert into Persona (apellidos, edad, f_nacimiento, nombre) values (?, ?, ?, ?)
Hibernate: insert into Persona (apellidos, edad, f_nacimiento, nombre) values (?, ?, ?, ?)
Hibernate: insert into Persona (apellidos, edad, f_nacimiento, nombre) values (?, ?, ?, ?)
Hibernate: insert into Persona (apellidos, edad, f_nacimiento, nombre) values (?, ?, ?, ?)
Hibernate: insert into Persona (apellidos, edad, f_nacimiento, nombre) values (?, ?, ?, ?)
Hibernate: insert into Persona (apellidos, edad, f_nacimiento, nombre) values (?, ?, ?, ?)
Hibernate: insert into Persona (apellidos, edad, f_nacimiento, nombre) values (?, ?, ?, ?)
Hibernate: insert into Persona (apellidos, edad, f_nacimiento, nombre) values (?, ?, ?, ?)
Hibernate: insert into Persona (apellidos, edad, f_nacimiento, nombre) values (?, ?, ?, ?)
Hibernate: insert into Persona (apellidos, edad, f_nacimiento, nombre) values (?, ?, ?, ?)
Hibernate: insert into Persona (apellidos, edad, f_nacimiento, nombre) values (?, ?, ?, ?)
Hibernate: insert into Persona (apellidos, edad, f_nacimiento, nombre) values (?, ?, ?, ?)
Hibernate: insert into Persona (apellidos, edad, f_nacimiento, nombre) values (?, ?, ?, ?)
Hibernate: insert into Persona (apellidos, edad, f_nacimiento, nombre) values (?, ?, ?, ?)
Hibernate: insert into Persona (apellidos, edad, f_nacimiento, nombre) values (?, ?, ?, ?)
Hibernate: insert into Persona (apellidos, edad, f_nacimiento, nombre) values (?, ?, ?, ?)
Hibernate: insert into Persona (apellidos, edad, f_nacimiento, nombre) values (?, ?, ?, ?)
Hibernate: insert into Persona (apellidos, edad, f_nacimiento, nombre) values (?, ?, ?, ?)
Hibernate: insert into Persona (apellidos, edad, f_nacimiento, nombre) values (?, ?, ?, ?)
Hibernate: insert into Persona (apellidos, edad, f_nacimiento, nombre) values (?, ?, ?, ?)
Hibernate: insert into Persona (apellidos, edad, f_nacimiento, nombre) values (?, ?, ?, ?)
Hibernate: insert into Persona (apellidos, edad, f_nacimiento, nombre) values (?, ?, ?, ?)
Hibernate: insert into Persona (apellidos, edad, f_nacimiento, nombre) values (?, ?, ?, ?)
Hibernate: insert into Persona (apellidos, edad, f_nacimiento, nombre) values (?, ?, ?, ?)
Hibernate: insert into Persona (apellidos, edad, f_nacimiento, nombre) values (?, ?, ?, ?)
Hibernate: insert into Persona (apellidos, edad, f_nacimiento, nombre) values (?, ?, ?, ?)
Hibernate: insert into Persona (apellidos, edad, f_nacimiento, nombre) values (?, ?, ?, ?)
Hibernate: insert into Persona (apellidos, edad, f_nacimiento, nombre) values (?, ?, ?, ?)
Hibernate: insert into Persona (apellidos, edad, f_nacimiento, nombre) values (?, ?, ?, ?)
Hibernate: insert into Persona (apellidos, edad, f_nacimiento, nombre) values (?, ?, ?, ?)
Hibernate: insert into Persona (apellidos, edad, f_nacimiento, nombre) values (?, ?, ?, ?)
Hibernate: insert into Persona (apellidos, edad, f_nacimiento, nombre) values (?, ?, ?, ?)
Hibernate: insert into Persona (apellidos, edad, f_nacimiento, nombre) values (?, ?, ?, ?)
Hibernate: insert into Persona (apellidos, edad, f_nacimiento, nombre) values (?, ?, ?, ?)
Hibernate: insert into Persona (apellidos, edad, f_nacimiento, nombre) values (?, ?, ?, ?)
Hibernate: insert into Persona (apellidos, edad, f_nacimiento, nombre) values (?, ?, ?, ?)
Hibernate: insert into Persona (apellidos, edad, f_nacimiento, nombre) values (?, ?, ?, ?)
Hibernate: insert into Persona (apellidos, edad, f_nacimiento, nombre) values (?, ?, ?, ?)
Hibernate: insert into Persona (apellidos, edad, f_nacimiento, nombre) values (?, ?, ?, ?)
Hibernate: insert into Persona (apellidos, edad, f_nacimiento, nombre) values (?, ?, ?, ?)
Hibernate: insert into Persona (apellidos, edad, f_nacimiento, nombre) values (?, ?, ?, ?)
Hibernate: insert into Persona (apellidos, edad, f_nacimiento, nombre) values (?, ?, ?, ?)
Hibernate: insert into Persona (apellidos, edad, f_nacimiento, nombre) values (?, ?, ?, ?)
Hibernate: insert into Persona (apellidos, edad, f_nacimiento, nombre) values (?, ?, ?, ?)
Hibernate: insert into Persona (apellidos, edad, f_nacimiento, nombre) values (?, ?, ?, ?)
Hibernate: insert into Persona (apellidos, edad, f_nacimiento, nombre) values (?, ?, ?, ?)
Hibernate: insert into Persona (apellidos, edad, f_nacimiento, nombre) values (?, ?, ?, ?)
Hibernate: insert into Persona (apellidos, edad, f_nacimiento, nombre) values (?, ?, ?, ?)
Hibernate: insert into Persona (apellidos, edad, f_nacimiento, nombre) values (?, ?, ?, ?)
Hibernate: insert into Persona (apellidos, edad, f_nacimiento, nombre) values (?, ?, ?, ?)
Hibernate: insert into Persona (apellidos, edad, f_nacimiento, nombre) values (?, ?, ?, ?)
Hibernate: insert into Persona (apellidos, edad, f_nacimiento, nombre) values (?, ?, ?, ?)
Hibernate: insert into Persona (apellidos, edad, f_nacimiento, nombre) values (?, ?, ?, ?)
Hibernate: insert into Persona (apellidos, edad, f_nacimiento, nombre) values (?, ?, ?, ?)
Hibernate: insert into Persona (apellidos, edad, f_nacimiento, nombre) values (?, ?, ?, ?)
Hibernate: insert into Persona (apellidos, edad, f_nacimiento, nombre) values (?, ?, ?, ?)
Hibernate: insert into Persona (apellidos, edad, f_nacimiento, nombre) values (?, ?, ?, ?)
Hibernate: insert into Persona (apellidos, edad, f_nacimiento, nombre) values (?, ?, ?, ?)
Hibernate: insert into Persona (apellidos, edad, f_nacimiento, nombre) values (?, ?, ?, ?)
Hibernate: insert into Persona (apellidos, edad, f_nacimiento, nombre) values (?, ?, ?, ?)
Hibernate: insert into Persona (apellidos, edad, f_nacimiento, nombre) values (?, ?, ?, ?)
Hibernate: insert into Persona (apellidos, edad, f_nacimiento, nombre) values (?, ?, ?, ?)
Hibernate: insert into Persona (apellidos, edad, f_nacimiento, nombre) values (?, ?, ?, ?)
Hibernate: insert into Persona (apellidos, edad, f_nacimiento, nombre) values (?, ?, ?, ?)
Hibernate: insert into Persona (apellidos, edad, f_nacimiento, nombre) values (?, ?, ?, ?)
Hibernate: insert into Persona (apellidos, edad, f_nacimiento, nombre) values (?, ?, ?, ?)
Hibernate: insert into Persona (apellidos, edad, f_nacimiento, nombre) values (?, ?, ?, ?)
Hibernate: insert into Persona (apellidos, edad, f_nacimiento, nombre) values (?, ?, ?, ?)
Hibernate: insert into Persona (apellidos, edad, f_nacimiento, nombre) values (?, ?, ?, ?)
Hibernate: insert into Persona (apellidos, edad, f_nacimiento, nombre) values (?, ?, ?, ?)
Hibernate: insert into Persona (apellidos, edad, f_nacimiento, nombre) values (?, ?, ?, ?)
Hibernate: insert into Persona (apellidos, edad, f_nacimiento, nombre) values (?, ?, ?, ?)
Hibernate: insert into Persona (apellidos, edad, f_nacimiento, nombre) values (?, ?, ?, ?)
Hibernate: insert into Persona (apellidos, edad, f_nacimiento, nombre) values (?, ?, ?, ?)
Hibernate: insert into Persona (apellidos, edad, f_nacimiento, nombre) values (?, ?, ?, ?)
Hibernate: insert into Persona (apellidos, edad, f_nacimiento, nombre) values (?, ?, ?, ?)
Hibernate: insert into Persona (apellidos, edad, f_nacimiento, nombre) values (?, ?, ?, ?)
Hibernate: insert into Persona (apellidos, edad, f_nacimiento, nombre) values (?, ?, ?, ?)
Hibernate: insert into Persona (apellidos, edad, f_nacimiento, nombre) values (?, ?, ?, ?)
Hibernate: insert into Persona (apellidos, edad, f_nacimiento, nombre) values (?, ?, ?, ?)
Hibernate: insert into Persona (apellidos, edad, f_nacimiento, nombre) values (?, ?, ?, ?)
Hibernate: insert into Persona (apellidos, edad, f_nacimiento, nombre) values (?, ?, ?, ?)
Hibernate: insert into Persona (apellidos, edad, f_nacimiento, nombre) values (?, ?, ?, ?)
Hibernate: insert into Persona (apellidos, edad, f_nacimiento, nombre) values (?, ?, ?, ?)
Hibernate: insert into Persona (apellidos, edad, f_nacimiento, nombre) values (?, ?, ?, ?)
Hibernate: insert into Persona (apellidos, edad, f_nacimiento, nombre) values (?, ?, ?, ?)
Hibernate: insert into Persona (apellidos, edad, f_nacimiento, nombre) values (?, ?, ?, ?)
Hibernate: insert into Persona (apellidos, edad, f_nacimiento, nombre) values (?, ?, ?, ?)
Hibernate: insert into Persona (apellidos, edad, f_nacimiento, nombre) values (?, ?, ?, ?)
Hibernate: insert into Persona (apellidos, edad, f_nacimiento, nombre) values (?, ?, ?, ?)
Hibernate: insert into Persona (apellidos, edad, f_nacimiento, nombre) values (?, ?, ?, ?)
Hibernate: insert into Persona (apellidos, edad, f_nacimiento, nombre) values (?, ?, ?, ?)
Hibernate: insert into Persona (apellidos, edad, f_nacimiento, nombre) values (?, ?, ?, ?)
Hibernate: insert into Persona (apellidos, edad, f_nacimiento, nombre) values (?, ?, ?, ?)
Hibernate: insert into Persona (apellidos, edad, f_nacimiento, nombre) values (?, ?, ?, ?)
Hibernate: insert into Persona (apellidos, edad, f_nacimiento, nombre) values (?, ?, ?, ?)
Hibernate: insert into Persona (apellidos, edad, f_nacimiento, nombre) values (?, ?, ?, ?)
Hibernate: insert into Persona (apellidos, edad, f_nacimiento, nombre) values (?, ?, ?, ?)
Hibernate: insert into Persona (apellidos, edad, f_nacimiento, nombre) values (?, ?, ?, ?)
Hibernate: insert into Persona (apellidos, edad, f_nacimiento, nombre) values (?, ?, ?, ?)
Hibernate: insert into Persona (apellidos, edad, f_nacimiento, nombre) values (?, ?, ?, ?)
Hibernate: insert into Persona (apellidos, edad, f_nacimiento, nombre) values (?, ?, ?, ?)
Hibernate: insert into Persona (apellidos, edad, f_nacimiento, nombre) values (?, ?, ?, ?)
Hibernate: insert into Persona (apellidos, edad, f_nacimiento, nombre) values (?, ?, ?, ?)
Hibernate: insert into Persona (apellidos, edad, f_nacimiento, nombre) values (?, ?, ?, ?)
Hibernate: insert into Persona (apellidos, edad, f_nacimiento, nombre) values (?, ?, ?, ?)
Hibernate: insert into Persona (apellidos, edad, f_nacimiento, nombre) values (?, ?, ?, ?)
Hibernate: insert into Persona (apellidos, edad, f_nacimiento, nombre) values (?, ?, ?, ?)
Hibernate: insert into Persona (apellidos, edad, f_nacimiento, nombre) values (?, ?, ?, ?)
Hibernate: insert into Persona (apellidos, edad, f_nacimiento, nombre) values (?, ?, ?, ?)
Hibernate: insert into Persona (apellidos, edad, f_nacimiento, nombre) values (?, ?, ?, ?)
Hibernate: insert into Persona (apellidos, edad, f_nacimiento, nombre) values (?, ?, ?, ?)
Hibernate: insert into Persona (apellidos, edad, f_nacimiento, nombre) values (?, ?, ?, ?)
Hibernate: insert into Persona (apellidos, edad, f_nacimiento, nombre) values (?, ?, ?, ?)
Hibernate: insert into Persona (apellidos, edad, f_nacimiento, nombre) values (?, ?, ?, ?)
Hibernate: insert into Persona (apellidos, edad, f_nacimiento, nombre) values (?, ?, ?, ?)
Hibernate: insert into Persona (apellidos, edad, f_nacimiento, nombre) values (?, ?, ?, ?)
Hibernate: insert into Persona (apellidos, edad, f_nacimiento, nombre) values (?, ?, ?, ?)
Hibernate: insert into Persona (apellidos, edad, f_nacimiento, nombre) values (?, ?, ?, ?)
Hibernate: insert into Persona (apellidos, edad, f_nacimiento, nombre) values (?, ?, ?, ?)
Hibernate: insert into Persona (apellidos, edad, f_nacimiento, nombre) values (?, ?, ?, ?)
Hibernate: insert into Persona (apellidos, edad, f_nacimiento, nombre) values (?, ?, ?, ?)
Hibernate: insert into Persona (apellidos, edad, f_nacimiento, nombre) values (?, ?, ?, ?)
Hibernate: insert into Persona (apellidos, edad, f_nacimiento, nombre) values (?, ?, ?, ?)
Hibernate: insert into Persona (apellidos, edad, f_nacimiento, nombre) values (?, ?, ?, ?)
Hibernate: insert into Persona (apellidos, edad, f_nacimiento, nombre) values (?, ?, ?, ?)
Hibernate: insert into Persona (apellidos, edad, f_nacimiento, nombre) values (?, ?, ?, ?)
Hibernate: insert into Persona (apellidos, edad, f_nacimiento, nombre) values (?, ?, ?, ?)
Hibernate: insert into Persona (apellidos, edad, f_nacimiento, nombre) values (?, ?, ?, ?)
Hibernate: insert into Persona (apellidos, edad, f_nacimiento, nombre) values (?, ?, ?, ?)
Hibernate: insert into Persona (apellidos, edad, f_nacimiento, nombre) values (?, ?, ?, ?)
Hibernate: insert into Persona (apellidos, edad, f_nacimiento, nombre) values (?, ?, ?, ?)
Hibernate: insert into Persona (apellidos, edad, f_nacimiento, nombre) values (?, ?, ?, ?)
Hibernate: insert into Persona (apellidos, edad, f_nacimiento, nombre) values (?, ?, ?, ?)
Hibernate: insert into Persona (apellidos, edad, f_nacimiento, nombre) values (?, ?, ?, ?)
Hibernate: insert into Persona (apellidos, edad, f_nacimiento, nombre) values (?, ?, ?, ?)
Hibernate: insert into Persona (apellidos, edad, f_nacimiento, nombre) values (?, ?, ?, ?)
Hibernate: insert into Persona (apellidos, edad, f_nacimiento, nombre) values (?, ?, ?, ?)
Hibernate: insert into Persona (apellidos, edad, f_nacimiento, nombre) values (?, ?, ?, ?)
Hibernate: insert into Persona (apellidos, edad, f_nacimiento, nombre) values (?, ?, ?, ?)
Hibernate: insert into Persona (apellidos, edad, f_nacimiento, nombre) values (?, ?, ?, ?)
Hibernate: insert into Persona (apellidos, edad, f_nacimiento, nombre) values (?, ?, ?, ?)
Hibernate: insert into Persona (apellidos, edad, f_nacimiento, nombre) values (?, ?, ?, ?)
Hibernate: insert into Persona (apellidos, edad, f_nacimiento, nombre) values (?, ?, ?, ?)
Hibernate: insert into Persona (apellidos, edad, f_nacimiento, nombre) values (?, ?, ?, ?)
Hibernate: insert into Persona (apellidos, edad, f_nacimiento, nombre) values (?, ?, ?, ?)
Hibernate: insert into Persona (apellidos, edad, f_nacimiento, nombre) values (?, ?, ?, ?)
Hibernate: insert into Persona (apellidos, edad, f_nacimiento, nombre) values (?, ?, ?, ?)
Hibernate: insert into Persona (apellidos, edad, f_nacimiento, nombre) values (?, ?, ?, ?)
Hibernate: insert into Persona (apellidos, edad, f_nacimiento, nombre) values (?, ?, ?, ?)
Hibernate: insert into Persona (apellidos, edad, f_nacimiento, nombre) values (?, ?, ?, ?)
Hibernate: insert into Persona (apellidos, edad, f_nacimiento, nombre) values (?, ?, ?, ?)
Hibernate: insert into Persona (apellidos, edad, f_nacimiento, nombre) values (?, ?, ?, ?)
Hibernate: insert into Persona (apellidos, edad, f_nacimiento, nombre) values (?, ?, ?, ?)
Hibernate: insert into Persona (apellidos, edad, f_nacimiento, nombre) values (?, ?, ?, ?)
Hibernate: insert into Persona (apellidos, edad, f_nacimiento, nombre) values (?, ?, ?, ?)
Hibernate: insert into Persona (apellidos, edad, f_nacimiento, nombre) values (?, ?, ?, ?)
Hibernate: insert into Persona (apellidos, edad, f_nacimiento, nombre) values (?, ?, ?, ?)
Hibernate: insert into Persona (apellidos, edad, f_nacimiento, nombre) values (?, ?, ?, ?)
Hibernate: insert into Persona (apellidos, edad, f_nacimiento, nombre) values (?, ?, ?, ?)
Hibernate: insert into Persona (apellidos, edad, f_nacimiento, nombre) values (?, ?, ?, ?)
Hibernate: insert into Persona (apellidos, edad, f_nacimiento, nombre) values (?, ?, ?, ?)
Hibernate: insert into Persona (apellidos, edad, f_nacimiento, nombre) values (?, ?, ?, ?)
Hibernate: insert into Persona (apellidos, edad, f_nacimiento, nombre) values (?, ?, ?, ?)
Hibernate: insert into Persona (apellidos, edad, f_nacimiento, nombre) values (?, ?, ?, ?)
Hibernate: insert into Persona (apellidos, edad, f_nacimiento, nombre) values (?, ?, ?, ?)
Hibernate: insert into Persona (apellidos, edad, f_nacimiento, nombre) values (?, ?, ?, ?)
Hibernate: insert into Persona (apellidos, edad, f_nacimiento, nombre) values (?, ?, ?, ?)
Hibernate: insert into Persona (apellidos, edad, f_nacimiento, nombre) values (?, ?, ?, ?)
Hibernate: insert into Persona (apellidos, edad, f_nacimiento, nombre) values (?, ?, ?, ?)
Hibernate: insert into Persona (apellidos, edad, f_nacimiento, nombre) values (?, ?, ?, ?)
Hibernate: insert into Persona (apellidos, edad, f_nacimiento, nombre) values (?, ?, ?, ?)
Hibernate: insert into Persona (apellidos, edad, f_nacimiento, nombre) values (?, ?, ?, ?)
Hibernate: insert into Persona (apellidos, edad, f_nacimiento, nombre) values (?, ?, ?, ?)
Hibernate: insert into Persona (apellidos, edad, f_nacimiento, nombre) values (?, ?, ?, ?)
Hibernate: insert into Persona (apellidos, edad, f_nacimiento, nombre) values (?, ?, ?, ?)
Hibernate: insert into Persona (apellidos, edad, f_nacimiento, nombre) values (?, ?, ?, ?)
Hibernate: insert into Persona (apellidos, edad, f_nacimiento, nombre) values (?, ?, ?, ?)
Hibernate: insert into Persona (apellidos, edad, f_nacimiento, nombre) values (?, ?, ?, ?)
Hibernate: insert into Persona (apellidos, edad, f_nacimiento, nombre) values (?, ?, ?, ?)
Hibernate: insert into Persona (apellidos, edad, f_nacimiento, nombre) values (?, ?, ?, ?)
Hibernate: insert into Persona (apellidos, edad, f_nacimiento, nombre) values (?, ?, ?, ?)
Hibernate: insert into Persona (apellidos, edad, f_nacimiento, nombre) values (?, ?, ?, ?)
Hibernate: insert into Persona (apellidos, edad, f_nacimiento, nombre) values (?, ?, ?, ?)
Hibernate: insert into Persona (apellidos, edad, f_nacimiento, nombre) values (?, ?, ?, ?)
Hibernate: insert into Persona (apellidos, edad, f_nacimiento, nombre) values (?, ?, ?, ?)
Hibernate: insert into Persona (apellidos, edad, f_nacimiento, nombre) values (?, ?, ?, ?)
Hibernate: insert into Persona (apellidos, edad, f_nacimiento, nombre) values (?, ?, ?, ?)
Hibernate: insert into Persona (apellidos, edad, f_nacimiento, nombre) values (?, ?, ?, ?)
Hibernate: insert into Persona (apellidos, edad, f_nacimiento, nombre) values (?, ?, ?, ?)
Hibernate: insert into Persona (apellidos, edad, f_nacimiento, nombre) values (?, ?, ?, ?)
Hibernate: insert into Persona (apellidos, edad, f_nacimiento, nombre) values (?, ?, ?, ?)
Hibernate: insert into Persona (apellidos, edad, f_nacimiento, nombre) values (?, ?, ?, ?)
Hibernate: insert into Persona (apellidos, edad, f_nacimiento, nombre) values (?, ?, ?, ?)
Hibernate: insert into Persona (apellidos, edad, f_nacimiento, nombre) values (?, ?, ?, ?)
Hibernate: insert into Persona (apellidos, edad, f_nacimiento, nombre) values (?, ?, ?, ?)
Hibernate: insert into Persona (apellidos, edad, f_nacimiento, nombre) values (?, ?, ?, ?)
Hibernate: insert into Persona (apellidos, edad, f_nacimiento, nombre) values (?, ?, ?, ?)
Hibernate: insert into Persona (apellidos, edad, f_nacimiento, nombre) values (?, ?, ?, ?)
Hibernate: insert into Persona (apellidos, edad, f_nacimiento, nombre) values (?, ?, ?, ?)
Hibernate: insert into Persona (apellidos, edad, f_nacimiento, nombre) values (?, ?, ?, ?)
Hibernate: insert into Persona (apellidos, edad, f_nacimiento, nombre) values (?, ?, ?, ?)
Hibernate: insert into Persona (apellidos, edad, f_nacimiento, nombre) values (?, ?, ?, ?)
Hibernate: insert into Persona (apellidos, edad, f_nacimiento, nombre) values (?, ?, ?, ?)
Hibernate: insert into Persona (apellidos, edad, f_nacimiento, nombre) values (?, ?, ?, ?)
Hibernate: insert into Persona (apellidos, edad, f_nacimiento, nombre) values (?, ?, ?, ?)
Hibernate: insert into Persona (apellidos, edad, f_nacimiento, nombre) values (?, ?, ?, ?)
Hibernate: insert into Persona (apellidos, edad, f_nacimiento, nombre) values (?, ?, ?, ?)
Hibernate: insert into Persona (apellidos, edad, f_nacimiento, nombre) values (?, ?, ?, ?)
Hibernate: insert into Persona (apellidos, edad, f_nacimiento, nombre) values (?, ?, ?, ?)
Hibernate: insert into Persona (apellidos, edad, f_nacimiento, nombre) values (?, ?, ?, ?)
Hibernate: insert into Persona (apellidos, edad, f_nacimiento, nombre) values (?, ?, ?, ?)
Hibernate: insert into Persona (apellidos, edad, f_nacimiento, nombre) values (?, ?, ?, ?)
Hibernate: insert into Persona (apellidos, edad, f_nacimiento, nombre) values (?, ?, ?, ?)
Hibernate: insert into Persona (apellidos, edad, f_nacimiento, nombre) values (?, ?, ?, ?)
Hibernate: insert into Persona (apellidos, edad, f_nacimiento, nombre) values (?, ?, ?, ?)
Hibernate: insert into Persona (apellidos, edad, f_nacimiento, nombre) values (?, ?, ?, ?)
Hibernate: insert into Persona (apellidos, edad, f_nacimiento, nombre) values (?, ?, ?, ?)
Hibernate: insert into Persona (apellidos, edad, f_nacimiento, nombre) values (?, ?, ?, ?)
Hibernate: insert into Persona (apellidos, edad, f_nacimiento, nombre) values (?, ?, ?, ?)
Hibernate: insert into Persona (apellidos, edad, f_nacimiento, nombre) values (?, ?, ?, ?)
Hibernate: insert into Persona (apellidos, edad, f_nacimiento, nombre) values (?, ?, ?, ?)
Hibernate: insert into Persona (apellidos, edad, f_nacimiento, nombre) values (?, ?, ?, ?)
Hibernate: insert into Persona (apellidos, edad, f_nacimiento, nombre) values (?, ?, ?, ?)
Hibernate: insert into Persona (apellidos, edad, f_nacimiento, nombre) values (?, ?, ?, ?)
Hibernate: insert into Persona (apellidos, edad, f_nacimiento, nombre) values (?, ?, ?, ?)
Hibernate: insert into Persona (apellidos, edad, f_nacimiento, nombre) values (?, ?, ?, ?)
Hibernate: insert into Persona (apellidos, edad, f_nacimiento, nombre) values (?, ?, ?, ?)
Hibernate: insert into Persona (apellidos, edad, f_nacimiento, nombre) values (?, ?, ?, ?)
Hibernate: insert into Persona (apellidos, edad, f_nacimiento, nombre) values (?, ?, ?, ?)
Hibernate: insert into Persona (apellidos, edad, f_nacimiento, nombre) values (?, ?, ?, ?)
Hibernate: insert into Persona (apellidos, edad, f_nacimiento, nombre) values (?, ?, ?, ?)
Hibernate: insert into Persona (apellidos, edad, f_nacimiento, nombre) values (?, ?, ?, ?)
Hibernate: insert into Persona (apellidos, edad, f_nacimiento, nombre) values (?, ?, ?, ?)
Hibernate: insert into Persona (apellidos, edad, f_nacimiento, nombre) values (?, ?, ?, ?)
Hibernate: insert into Persona (apellidos, edad, f_nacimiento, nombre) values (?, ?, ?, ?)
Hibernate: insert into Persona (apellidos, edad, f_nacimiento, nombre) values (?, ?, ?, ?)
Hibernate: insert into Persona (apellidos, edad, f_nacimiento, nombre) values (?, ?, ?, ?)
Hibernate: insert into Persona (apellidos, edad, f_nacimiento, nombre) values (?, ?, ?, ?)
Hibernate: insert into Persona (apellidos, edad, f_nacimiento, nombre) values (?, ?, ?, ?)
Hibernate: insert into Persona (apellidos, edad, f_nacimiento, nombre) values (?, ?, ?, ?)
Hibernate: insert into Persona (apellidos, edad, f_nacimiento, nombre) values (?, ?, ?, ?)
Hibernate: insert into Persona (apellidos, edad, f_nacimiento, nombre) values (?, ?, ?, ?)
Hibernate: insert into Persona (apellidos, edad, f_nacimiento, nombre) values (?, ?, ?, ?)
Hibernate: insert into Persona (apellidos, edad, f_nacimiento, nombre) values (?, ?, ?, ?)
Hibernate: insert into Persona (apellidos, edad, f_nacimiento, nombre) values (?, ?, ?, ?)
Hibernate: insert into Persona (apellidos, edad, f_nacimiento, nombre) values (?, ?, ?, ?)
Hibernate: insert into Persona (apellidos, edad, f_nacimiento, nombre) values (?, ?, ?, ?)
Hibernate: insert into Persona (apellidos, edad, f_nacimiento, nombre) values (?, ?, ?, ?)
Hibernate: insert into Persona (apellidos, edad, f_nacimiento, nombre) values (?, ?, ?, ?)
Hibernate: insert into Persona (apellidos, edad, f_nacimiento, nombre) values (?, ?, ?, ?)
Hibernate: insert into Persona (apellidos, edad, f_nacimiento, nombre) values (?, ?, ?, ?)
Hibernate: insert into Persona (apellidos, edad, f_nacimiento, nombre) values (?, ?, ?, ?)
Hibernate: insert into Persona (apellidos, edad, f_nacimiento, nombre) values (?, ?, ?, ?)
Hibernate: insert into Persona (apellidos, edad, f_nacimiento, nombre) values (?, ?, ?, ?)
Hibernate: insert into Persona (apellidos, edad, f_nacimiento, nombre) values (?, ?, ?, ?)
Hibernate: insert into Persona (apellidos, edad, f_nacimiento, nombre) values (?, ?, ?, ?)
Hibernate: insert into Persona (apellidos, edad, f_nacimiento, nombre) values (?, ?, ?, ?)
Hibernate: insert into Persona (apellidos, edad, f_nacimiento, nombre) values (?, ?, ?, ?)
Hibernate: insert into Persona (apellidos, edad, f_nacimiento, nombre) values (?, ?, ?, ?)
Hibernate: insert into Persona (apellidos, edad, f_nacimiento, nombre) values (?, ?, ?, ?)
Hibernate: insert into Persona (apellidos, edad, f_nacimiento, nombre) values (?, ?, ?, ?)
Hibernate: insert into Persona (apellidos, edad, f_nacimiento, nombre) values (?, ?, ?, ?)
Hibernate: insert into Persona (apellidos, edad, f_nacimiento, nombre) values (?, ?, ?, ?)
Hibernate: insert into Persona (apellidos, edad, f_nacimiento, nombre) values (?, ?, ?, ?)
Hibernate: insert into Persona (apellidos, edad, f_nacimiento, nombre) values (?, ?, ?, ?)
Hibernate: insert into Persona (apellidos, edad, f_nacimiento, nombre) values (?, ?, ?, ?)
Hibernate: insert into Persona (apellidos, edad, f_nacimiento, nombre) values (?, ?, ?, ?)
Hibernate: insert into Persona (apellidos, edad, f_nacimiento, nombre) values (?, ?, ?, ?)
Hibernate: insert into Persona (apellidos, edad, f_nacimiento, nombre) values (?, ?, ?, ?)
Hibernate: insert into Persona (apellidos, edad, f_nacimiento, nombre) values (?, ?, ?, ?)
Hibernate: insert into Persona (apellidos, edad, f_nacimiento, nombre) values (?, ?, ?, ?)
Hibernate: insert into Persona (apellidos, edad, f_nacimiento, nombre) values (?, ?, ?, ?)
Hibernate: insert into Persona (apellidos, edad, f_nacimiento, nombre) values (?, ?, ?, ?)
Hibernate: insert into Persona (apellidos, edad, f_nacimiento, nombre) values (?, ?, ?, ?)
Hibernate: insert into Persona (apellidos, edad, f_nacimiento, nombre) values (?, ?, ?, ?)
Hibernate: insert into Persona (apellidos, edad, f_nacimiento, nombre) values (?, ?, ?, ?)
Hibernate: insert into Persona (apellidos, edad, f_nacimiento, nombre) values (?, ?, ?, ?)
Hibernate: insert into Persona (apellidos, edad, f_nacimiento, nombre) values (?, ?, ?, ?)
Hibernate: insert into Persona (apellidos, edad, f_nacimiento, nombre) values (?, ?, ?, ?)
Hibernate: insert into Persona (apellidos, edad, f_nacimiento, nombre) values (?, ?, ?, ?)
Hibernate: insert into Persona (apellidos, edad, f_nacimiento, nombre) values (?, ?, ?, ?)
Hibernate: insert into Persona (apellidos, edad, f_nacimiento, nombre) values (?, ?, ?, ?)
Hibernate: insert into Persona (apellidos, edad, f_nacimiento, nombre) values (?, ?, ?, ?)
Hibernate: insert into Persona (apellidos, edad, f_nacimiento, nombre) values (?, ?, ?, ?)
Hibernate: insert into Persona (apellidos, edad, f_nacimiento, nombre) values (?, ?, ?, ?)
Hibernate: insert into Persona (apellidos, edad, f_nacimiento, nombre) values (?, ?, ?, ?)
Hibernate: insert into Persona (apellidos, edad, f_nacimiento, nombre) values (?, ?, ?, ?)
Hibernate: insert into Persona (apellidos, edad, f_nacimiento, nombre) values (?, ?, ?, ?)
Hibernate: insert into Persona (apellidos, edad, f_nacimiento, nombre) values (?, ?, ?, ?)
Hibernate: insert into Persona (apellidos, edad, f_nacimiento, nombre) values (?, ?, ?, ?)
Hibernate: insert into Persona (apellidos, edad, f_nacimiento, nombre) values (?, ?, ?, ?)
Hibernate: insert into Persona (apellidos, edad, f_nacimiento, nombre) values (?, ?, ?, ?)
Hibernate: insert into Persona (apellidos, edad, f_nacimiento, nombre) values (?, ?, ?, ?)
Hibernate: insert into Persona (apellidos, edad, f_nacimiento, nombre) values (?, ?, ?, ?)
Hibernate: insert into Persona (apellidos, edad, f_nacimiento, nombre) values (?, ?, ?, ?)
Hibernate: insert into Persona (apellidos, edad, f_nacimiento, nombre) values (?, ?, ?, ?)
Hibernate: insert into Persona (apellidos, edad, f_nacimiento, nombre) values (?, ?, ?, ?)
Hibernate: insert into Persona (apellidos, edad, f_nacimiento, nombre) values (?, ?, ?, ?)
Hibernate: insert into Persona (apellidos, edad, f_nacimiento, nombre) values (?, ?, ?, ?)
Hibernate: insert into Persona (apellidos, edad, f_nacimiento, nombre) values (?, ?, ?, ?)
Hibernate: insert into Persona (apellidos, edad, f_nacimiento, nombre) values (?, ?, ?, ?)
Hibernate: insert into Persona (apellidos, edad, f_nacimiento, nombre) values (?, ?, ?, ?)
Hibernate: insert into Persona (apellidos, edad, f_nacimiento, nombre) values (?, ?, ?, ?)
Hibernate: insert into Persona (apellidos, edad, f_nacimiento, nombre) values (?, ?, ?, ?)
Hibernate: insert into Persona (apellidos, edad, f_nacimiento, nombre) values (?, ?, ?, ?)
Hibernate: insert into Persona (apellidos, edad, f_nacimiento, nombre) values (?, ?, ?, ?)
Hibernate: insert into Persona (apellidos, edad, f_nacimiento, nombre) values (?, ?, ?, ?)
Hibernate: insert into Persona (apellidos, edad, f_nacimiento, nombre) values (?, ?, ?, ?)
Hibernate: insert into Persona (apellidos, edad, f_nacimiento, nombre) values (?, ?, ?, ?)
Hibernate: insert into Persona (apellidos, edad, f_nacimiento, nombre) values (?, ?, ?, ?)
Hibernate: insert into Persona (apellidos, edad, f_nacimiento, nombre) values (?, ?, ?, ?)
Hibernate: insert into Persona (apellidos, edad, f_nacimiento, nombre) values (?, ?, ?, ?)
Hibernate: insert into Persona (apellidos, edad, f_nacimiento, nombre) values (?, ?, ?, ?)
Hibernate: insert into Persona (apellidos, edad, f_nacimiento, nombre) values (?, ?, ?, ?)
Hibernate: insert into Persona (apellidos, edad, f_nacimiento, nombre) values (?, ?, ?, ?)
Hibernate: insert into Persona (apellidos, edad, f_nacimiento, nombre) values (?, ?, ?, ?)
[...]
Hibernate: insert into Persona (apellidos, edad, f_nacimiento, nombre) values (?, ?, ?, ?)
Hibernate: insert into Persona (apellidos, edad, f_nacimiento, nombre) values (?, ?, ?, ?)
Hibernate: insert into Persona (apellidos, edad, f_nacimiento, nombre) values (?, ?, ?, ?)
Hibernate: insert into Persona (apellidos, edad, f_nacimiento, nombre) values (?, ?, ?, ?)
Hibernate: insert into Persona (apellidos, edad, f_nacimiento, nombre) values (?, ?, ?, ?)
Hibernate: insert into Persona (apellidos, edad, f_nacimiento, nombre) values (?, ?, ?, ?)
Hibernate: insert into Persona (apellidos, edad, f_nacimiento, nombre) values (?, ?, ?, ?)
Hibernate: insert into Persona (apellidos, edad, f_nacimiento, nombre) values (?, ?, ?, ?)
Hibernate: insert into Persona (apellidos, edad, f_nacimiento, nombre) values (?, ?, ?, ?)
Hibernate: insert into Persona (apellidos, edad, f_nacimiento, nombre) values (?, ?, ?, ?)
Hibernate: insert into Persona (apellidos, edad, f_nacimiento, nombre) values (?, ?, ?, ?)
Hibernate: insert into Persona (apellidos, edad, f_nacimiento, nombre) values (?, ?, ?, ?)
Hibernate: insert into Persona (apellidos, edad, f_nacimiento, nombre) values (?, ?, ?, ?)
Hibernate: insert into Persona (apellidos, edad, f_nacimiento, nombre) values (?, ?, ?, ?)
Hibernate: insert into Persona (apellidos, edad, f_nacimiento, nombre) values (?, ?, ?, ?)
Hibernate: insert into Persona (apellidos, edad, f_nacimiento, nombre) values (?, ?, ?, ?)
Hibernate: insert into Persona (apellidos, edad, f_nacimiento, nombre) values (?, ?, ?, ?)
Hibernate: insert into Persona (apellidos, edad, f_nacimiento, nombre) values (?, ?, ?, ?)
Hibernate: insert into Persona (apellidos, edad, f_nacimiento, nombre) values (?, ?, ?, ?)
Hibernate: insert into Persona (apellidos, edad, f_nacimiento, nombre) values (?, ?, ?, ?)
Hibernate: insert into Persona (apellidos, edad, f_nacimiento, nombre) values (?, ?, ?, ?)
Hibernate: insert into Persona (apellidos, edad, f_nacimiento, nombre) values (?, ?, ?, ?)
Hibernate: insert into Persona (apellidos, edad, f_nacimiento, nombre) values (?, ?, ?, ?)
Hibernate: insert into Persona (apellidos, edad, f_nacimiento, nombre) values (?, ?, ?, ?)
Hibernate: insert into Persona (apellidos, edad, f_nacimiento, nombre) values (?, ?, ?, ?)
Hibernate: insert into Persona (apellidos, edad, f_nacimiento, nombre) values (?, ?, ?, ?)
Hibernate: insert into Persona (apellidos, edad, f_nacimiento, nombre) values (?, ?, ?, ?)
Hibernate: insert into Persona (apellidos, edad, f_nacimiento, nombre) values (?, ?, ?, ?)
Hibernate: insert into Persona (apellidos, edad, f_nacimiento, nombre) values (?, ?, ?, ?)
Hibernate: insert into Persona (apellidos, edad, f_nacimiento, nombre) values (?, ?, ?, ?)
Hibernate: insert into Persona (apellidos, edad, f_nacimiento, nombre) values (?, ?, ?, ?)
Hibernate: insert into Persona (apellidos, edad, f_nacimiento, nombre) values (?, ?, ?, ?)
Hibernate: insert into Persona (apellidos, edad, f_nacimiento, nombre) values (?, ?, ?, ?)
Hibernate: insert into Persona (apellidos, edad, f_nacimiento, nombre) values (?, ?, ?, ?)
Hibernate: insert into Persona (apellidos, edad, f_nacimiento, nombre) values (?, ?, ?, ?)
Hibernate: insert into Persona (apellidos, edad, f_nacimiento, nombre) values (?, ?, ?, ?)
Hibernate: insert into Persona (apellidos, edad, f_nacimiento, nombre) values (?, ?, ?, ?)
Hibernate: insert into Persona (apellidos, edad, f_nacimiento, nombre) values (?, ?, ?, ?)
Hibernate: insert into Persona (apellidos, edad, f_nacimiento, nombre) values (?, ?, ?, ?)
Hibernate: insert into Persona (apellidos, edad, f_nacimiento, nombre) values (?, ?, ?, ?)
Hibernate: insert into Persona (apellidos, edad, f_nacimiento, nombre) values (?, ?, ?, ?)
Hibernate: insert into Persona (apellidos, edad, f_nacimiento, nombre) values (?, ?, ?, ?)
Hibernate: insert into Persona (apellidos, edad, f_nacimiento, nombre) values (?, ?, ?, ?)
Hibernate: insert into Persona (apellidos, edad, f_nacimiento, nombre) values (?, ?, ?, ?)
Hibernate: insert into Persona (apellidos, edad, f_nacimiento, nombre) values (?, ?, ?, ?)
Hibernate: insert into Persona (apellidos, edad, f_nacimiento, nombre) values (?, ?, ?, ?)
Hibernate: insert into Persona (apellidos, edad, f_nacimiento, nombre) values (?, ?, ?, ?)
Hibernate: insert into Persona (apellidos, edad, f_nacimiento, nombre) values (?, ?, ?, ?)
Hibernate: insert into Persona (apellidos, edad, f_nacimiento, nombre) values (?, ?, ?, ?)
Hibernate: insert into Persona (apellidos, edad, f_nacimiento, nombre) values (?, ?, ?, ?)
Hibernate: insert into Persona (apellidos, edad, f_nacimiento, nombre) values (?, ?, ?, ?)
Hibernate: insert into Persona (apellidos, edad, f_nacimiento, nombre) values (?, ?, ?, ?)
Hibernate: insert into Persona (apellidos, edad, f_nacimiento, nombre) values (?, ?, ?, ?)
Hibernate: insert into Persona (apellidos, edad, f_nacimiento, nombre) values (?, ?, ?, ?)
Hibernate: insert into Persona (apellidos, edad, f_nacimiento, nombre) values (?, ?, ?, ?)
Hibernate: insert into Persona (apellidos, edad, f_nacimiento, nombre) values (?, ?, ?, ?)
Hibernate: insert into Persona (apellidos, edad, f_nacimiento, nombre) values (?, ?, ?, ?)
Hibernate: insert into Persona (apellidos, edad, f_nacimiento, nombre) values (?, ?, ?, ?)
Hibernate: insert into Persona (apellidos, edad, f_nacimiento, nombre) values (?, ?, ?, ?)
Hibernate: insert into Persona (apellidos, edad, f_nacimiento, nombre) values (?, ?, ?, ?)
Hibernate: insert into Persona (apellidos, edad, f_nacimiento, nombre) values (?, ?, ?, ?)
Hibernate: insert into Persona (apellidos, edad, f_nacimiento, nombre) values (?, ?, ?, ?)
Hibernate: insert into Persona (apellidos, edad, f_nacimiento, nombre) values (?, ?, ?, ?)
Hibernate: insert into Persona (apellidos, edad, f_nacimiento, nombre) values (?, ?, ?, ?)
Hibernate: insert into Persona (apellidos, edad, f_nacimiento, nombre) values (?, ?, ?, ?)
Hibernate: insert into Persona (apellidos, edad, f_nacimiento, nombre) values (?, ?, ?, ?)
Hibernate: insert into Persona (apellidos, edad, f_nacimiento, nombre) values (?, ?, ?, ?)
Hibernate: insert into Persona (apellidos, edad, f_nacimiento, nombre) values (?, ?, ?, ?)
Hibernate: insert into Persona (apellidos, edad, f_nacimiento, nombre) values (?, ?, ?, ?)
Hibernate: insert into Persona (apellidos, edad, f_nacimiento, nombre) values (?, ?, ?, ?)
Hibernate: insert into Persona (apellidos, edad, f_nacimiento, nombre) values (?, ?, ?, ?)
Hibernate: insert into Persona (apellidos, edad, f_nacimiento, nombre) values (?, ?, ?, ?)
Hibernate: insert into Persona (apellidos, edad, f_nacimiento, nombre) values (?, ?, ?, ?)
Hibernate: insert into Persona (apellidos, edad, f_nacimiento, nombre) values (?, ?, ?, ?)
Hibernate: insert into Persona (apellidos, edad, f_nacimiento, nombre) values (?, ?, ?, ?)
Hibernate: insert into Persona (apellidos, edad, f_nacimiento, nombre) values (?, ?, ?, ?)
Hibernate: insert into Persona (apellidos, edad, f_nacimiento, nombre) values (?, ?, ?, ?)
Hibernate: insert into Persona (apellidos, edad, f_nacimiento, nombre) values (?, ?, ?, ?)
Hibernate: insert into Persona (apellidos, edad, f_nacimiento, nombre) values (?, ?, ?, ?)
Hibernate: insert into Persona (apellidos, edad, f_nacimiento, nombre) values (?, ?, ?, ?)
Hibernate: insert into Persona (apellidos, edad, f_nacimiento, nombre) values (?, ?, ?, ?)
Hibernate: insert into Persona (apellidos, edad, f_nacimiento, nombre) values (?, ?, ?, ?)
Hibernate: insert into Persona (apellidos, edad, f_nacimiento, nombre) values (?, ?, ?, ?)
Hibernate: insert into Persona (apellidos, edad, f_nacimiento, nombre) values (?, ?, ?, ?)
Hibernate: insert into Persona (apellidos, edad, f_nacimiento, nombre) values (?, ?, ?, ?)
Hibernate: insert into Persona (apellidos, edad, f_nacimiento, nombre) values (?, ?, ?, ?)
Hibernate: insert into Persona (apellidos, edad, f_nacimiento, nombre) values (?, ?, ?, ?)
Hibernate: insert into Persona (apellidos, edad, f_nacimiento, nombre) values (?, ?, ?, ?)
Hibernate: insert into Persona (apellidos, edad, f_nacimiento, nombre) values (?, ?, ?, ?)
Hibernate: insert into Persona (apellidos, edad, f_nacimiento, nombre) values (?, ?, ?, ?)
Hibernate: insert into Persona (apellidos, edad, f_nacimiento, nombre) values (?, ?, ?, ?)
Hibernate: insert into Persona (apellidos, edad, f_nacimiento, nombre) values (?, ?, ?, ?)
Hibernate: insert into Persona (apellidos, edad, f_nacimiento, nombre) values (?, ?, ?, ?)
Hibernate: insert into Persona (apellidos, edad, f_nacimiento, nombre) values (?, ?, ?, ?)
Hibernate: insert into Persona (apellidos, edad, f_nacimiento, nombre) values (?, ?, ?, ?)
Hibernate: insert into Persona (apellidos, edad, f_nacimiento, nombre) values (?, ?, ?, ?)
Hibernate: insert into Persona (apellidos, edad, f_nacimiento, nombre) values (?, ?, ?, ?)
Hibernate: insert into Persona (apellidos, edad, f_nacimiento, nombre) values (?, ?, ?, ?)
Hibernate: insert into Persona (apellidos, edad, f_nacimiento, nombre) values (?, ?, ?, ?)
Hibernate: insert into Persona (apellidos, edad, f_nacimiento, nombre) values (?, ?, ?, ?)
Hibernate: insert into Persona (apellidos, edad, f_nacimiento, nombre) values (?, ?, ?, ?)
Hibernate: insert into Persona (apellidos, edad, f_nacimiento, nombre) values (?, ?, ?, ?)
Hibernate: insert into Persona (apellidos, edad, f_nacimiento, nombre) values (?, ?, ?, ?)
Hibernate: insert into Persona (apellidos, edad, f_nacimiento, nombre) values (?, ?, ?, ?)
Hibernate: insert into Persona (apellidos, edad, f_nacimiento, nombre) values (?, ?, ?, ?)
Hibernate: insert into Persona (apellidos, edad, f_nacimiento, nombre) values (?, ?, ?, ?)
Hibernate: insert into Persona (apellidos, edad, f_nacimiento, nombre) values (?, ?, ?, ?)
Hibernate: insert into Persona (apellidos, edad, f_nacimiento, nombre) values (?, ?, ?, ?)
Hibernate: insert into Persona (apellidos, edad, f_nacimiento, nombre) values (?, ?, ?, ?)
Hibernate: insert into Persona (apellidos, edad, f_nacimiento, nombre) values (?, ?, ?, ?)
Hibernate: insert into Persona (apellidos, edad, f_nacimiento, nombre) values (?, ?, ?, ?)
Hibernate: insert into Persona (apellidos, edad, f_nacimiento, nombre) values (?, ?, ?, ?)
Hibernate: insert into Persona (apellidos, edad, f_nacimiento, nombre) values (?, ?, ?, ?)
Hibernate: insert into Persona (apellidos, edad, f_nacimiento, nombre) values (?, ?, ?, ?)
Hibernate: insert into Persona (apellidos, edad, f_nacimiento, nombre) values (?, ?, ?, ?)
Hibernate: insert into Persona (apellidos, edad, f_nacimiento, nombre) values (?, ?, ?, ?)
Hibernate: insert into Persona (apellidos, edad, f_nacimiento, nombre) values (?, ?, ?, ?)
Hibernate: insert into Persona (apellidos, edad, f_nacimiento, nombre) values (?, ?, ?, ?)
Hibernate: insert into Persona (apellidos, edad, f_nacimiento, nombre) values (?, ?, ?, ?)
Hibernate: insert into Persona (apellidos, edad, f_nacimiento, nombre) values (?, ?, ?, ?)
Hibernate: insert into Persona (apellidos, edad, f_nacimiento, nombre) values (?, ?, ?, ?)
Hibernate: insert into Persona (apellidos, edad, f_nacimiento, nombre) values (?, ?, ?, ?)
Hibernate: insert into Persona (apellidos, edad, f_nacimiento, nombre) values (?, ?, ?, ?)
Hibernate: insert into Persona (apellidos, edad, f_nacimiento, nombre) values (?, ?, ?, ?)
Hibernate: insert into Persona (apellidos, edad, f_nacimiento, nombre) values (?, ?, ?, ?)
Hibernate: insert into Persona (apellidos, edad, f_nacimiento, nombre) values (?, ?, ?, ?)
Hibernate: insert into Persona (apellidos, edad, f_nacimiento, nombre) values (?, ?, ?, ?)
Hibernate: insert into Persona (apellidos, edad, f_nacimiento, nombre) values (?, ?, ?, ?)
Hibernate: insert into Persona (apellidos, edad, f_nacimiento, nombre) values (?, ?, ?, ?)
Hibernate: insert into Persona (apellidos, edad, f_nacimiento, nombre) values (?, ?, ?, ?)
Hibernate: insert into Persona (apellidos, edad, f_nacimiento, nombre) values (?, ?, ?, ?)
Hibernate: insert into Persona (apellidos, edad, f_nacimiento, nombre) values (?, ?, ?, ?)
Hibernate: insert into Persona (apellidos, edad, f_nacimiento, nombre) values (?, ?, ?, ?)
Hibernate: insert into Persona (apellidos, edad, f_nacimiento, nombre) values (?, ?, ?, ?)
Hibernate: insert into Persona (apellidos, edad, f_nacimiento, nombre) values (?, ?, ?, ?)
Hibernate: insert into Persona (apellidos, edad, f_nacimiento, nombre) values (?, ?, ?, ?)
Hibernate: insert into Persona (apellidos, edad, f_nacimiento, nombre) values (?, ?, ?, ?)
Hibernate: insert into Persona (apellidos, edad, f_nacimiento, nombre) values (?, ?, ?, ?)
Hibernate: insert into Persona (apellidos, edad, f_nacimiento, nombre) values (?, ?, ?, ?)
Hibernate: insert into Persona (apellidos, edad, f_nacimiento, nombre) values (?, ?, ?, ?)
Hibernate: insert into Persona (apellidos, edad, f_nacimiento, nombre) values (?, ?, ?, ?)
Hibernate: insert into Persona (apellidos, edad, f_nacimiento, nombre) values (?, ?, ?, ?)
Hibernate: insert into Persona (apellidos, edad, f_nacimiento, nombre) values (?, ?, ?, ?)
Hibernate: insert into Persona (apellidos, edad, f_nacimiento, nombre) values (?, ?, ?, ?)
Hibernate: insert into Persona (apellidos, edad, f_nacimiento, nombre) values (?, ?, ?, ?)
Hibernate: insert into Persona (apellidos, edad, f_nacimiento, nombre) values (?, ?, ?, ?)
Hibernate: insert into Persona (apellidos, edad, f_nacimiento, nombre) values (?, ?, ?, ?)
Hibernate: insert into Persona (apellidos, edad, f_nacimiento, nombre) values (?, ?, ?, ?)
Hibernate: insert into Persona (apellidos, edad, f_nacimiento, nombre) values (?, ?, ?, ?)
Hibernate: insert into Persona (apellidos, edad, f_nacimiento, nombre) values (?, ?, ?, ?)
Hibernate: insert into Persona (apellidos, edad, f_nacimiento, nombre) values (?, ?, ?, ?)
Hibernate: insert into Persona (apellidos, edad, f_nacimiento, nombre) values (?, ?, ?, ?)
Hibernate: insert into Persona (apellidos, edad, f_nacimiento, nombre) values (?, ?, ?, ?)
Hibernate: insert into Persona (apellidos, edad, f_nacimiento, nombre) values (?, ?, ?, ?)
Hibernate: insert into Persona (apellidos, edad, f_nacimiento, nombre) values (?, ?, ?, ?)
Hibernate: insert into Persona (apellidos, edad, f_nacimiento, nombre) values (?, ?, ?, ?)
Hibernate: insert into Persona (apellidos, edad, f_nacimiento, nombre) values (?, ?, ?, ?)
Hibernate: insert into Persona (apellidos, edad, f_nacimiento, nombre) values (?, ?, ?, ?)
Hibernate: insert into Persona (apellidos, edad, f_nacimiento, nombre) values (?, ?, ?, ?)
Hibernate: insert into Persona (apellidos, edad, f_nacimiento, nombre) values (?, ?, ?, ?)
Hibernate: insert into Persona (apellidos, edad, f_nacimiento, nombre) values (?, ?, ?, ?)
Hibernate: insert into Persona (apellidos, edad, f_nacimiento, nombre) values (?, ?, ?, ?)
Hibernate: insert into Persona (apellidos, edad, f_nacimiento, nombre) values (?, ?, ?, ?)
Hibernate: insert into Persona (apellidos, edad, f_nacimiento, nombre) values (?, ?, ?, ?)
Hibernate: insert into Persona (apellidos, edad, f_nacimiento, nombre) values (?, ?, ?, ?)
Hibernate: insert into Persona (apellidos, edad, f_nacimiento, nombre) values (?, ?, ?, ?)
Hibernate: insert into Persona (apellidos, edad, f_nacimiento, nombre) values (?, ?, ?, ?)
Hibernate: insert into Persona (apellidos, edad, f_nacimiento, nombre) values (?, ?, ?, ?)
Hibernate: insert into Persona (apellidos, edad, f_nacimiento, nombre) values (?, ?, ?, ?)
Hibernate: insert into Persona (apellidos, edad, f_nacimiento, nombre) values (?, ?, ?, ?)
Hibernate: insert into Persona (apellidos, edad, f_nacimiento, nombre) values (?, ?, ?, ?)
Hibernate: insert into Persona (apellidos, edad, f_nacimiento, nombre) values (?, ?, ?, ?)
Hibernate: insert into Persona (apellidos, edad, f_nacimiento, nombre) values (?, ?, ?, ?)
Hibernate: insert into Persona (apellidos, edad, f_nacimiento, nombre) values (?, ?, ?, ?)
Hibernate: insert into Persona (apellidos, edad, f_nacimiento, nombre) values (?, ?, ?, ?)
Hibernate: insert into Persona (apellidos, edad, f_nacimiento, nombre) values (?, ?, ?, ?)
Hibernate: insert into Persona (apellidos, edad, f_nacimiento, nombre) values (?, ?, ?, ?)
Hibernate: insert into Persona (apellidos, edad, f_nacimiento, nombre) values (?, ?, ?, ?)
Hibernate: insert into Persona (apellidos, edad, f_nacimiento, nombre) values (?, ?, ?, ?)
Hibernate: insert into Persona (apellidos, edad, f_nacimiento, nombre) values (?, ?, ?, ?)
Hibernate: insert into Persona (apellidos, edad, f_nacimiento, nombre) values (?, ?, ?, ?)
Hibernate: insert into Persona (apellidos, edad, f_nacimiento, nombre) values (?, ?, ?, ?)
Hibernate: insert into Persona (apellidos, edad, f_nacimiento, nombre) values (?, ?, ?, ?)
</system-out>
  </testcase>
  <testcase time="0.28" classname="PersonaTest" name="testGetAll">
    <failure type="java.lang.AssertionError">java.lang.AssertionError
	at org.junit.Assert.fail(Assert.java:86)
	at org.junit.Assert.assertTrue(Assert.java:41)
	at org.junit.Assert.assertTrue(Assert.java:52)
	at PersonaTest.testGetAll(PersonaTest.java:97)
	at sun.reflect.NativeMethodAccessorImpl.invoke0(Native Method)
	at sun.reflect.NativeMethodAccessorImpl.invoke(NativeMethodAccessorImpl.java:57)
	at sun.reflect.DelegatingMethodAccessorImpl.invoke(DelegatingMethodAccessorImpl.java:43)
	at java.lang.reflect.Method.invoke(Method.java:606)
	at org.junit.runners.model.FrameworkMethod$1.runReflectiveCall(FrameworkMethod.java:47)
	at org.junit.internal.runners.model.ReflectiveCallable.run(ReflectiveCallable.java:12)
	at org.junit.runners.model.FrameworkMethod.invokeExplosively(FrameworkMethod.java:44)
	at org.junit.internal.runners.statements.InvokeMethod.evaluate(InvokeMethod.java:17)
	at org.junit.internal.runners.statements.RunAfters.evaluate(RunAfters.java:27)
	at org.junit.runners.ParentRunner.runLeaf(ParentRunner.java:271)
	at org.junit.runners.BlockJUnit4ClassRunner.runChild(BlockJUnit4ClassRunner.java:70)
	at org.junit.runners.BlockJUnit4ClassRunner.runChild(BlockJUnit4ClassRunner.java:50)
	at org.junit.runners.ParentRunner$3.run(ParentRunner.java:238)
	at org.junit.runners.ParentRunner$1.schedule(ParentRunner.java:63)
	at org.junit.runners.ParentRunner.runChildren(ParentRunner.java:236)
	at org.junit.runners.ParentRunner.access$000(ParentRunner.java:53)
	at org.junit.runners.ParentRunner$2.evaluate(ParentRunner.java:229)
	at org.junit.internal.runners.statements.RunBefores.evaluate(RunBefores.java:26)
	at org.junit.runners.ParentRunner.run(ParentRunner.java:309)
	at org.apache.maven.surefire.junit4.JUnit4Provider.execute(JUnit4Provider.java:252)
	at org.apache.maven.surefire.junit4.JUnit4Provider.executeTestSet(JUnit4Provider.java:141)
	at org.apache.maven.surefire.junit4.JUnit4Provider.invoke(JUnit4Provider.java:112)
	at sun.reflect.NativeMethodAccessorImpl.invoke0(Native Method)
	at sun.reflect.NativeMethodAccessorImpl.invoke(NativeMethodAccessorImpl.java:57)
	at sun.reflect.DelegatingMethodAccessorImpl.invoke(DelegatingMethodAccessorImpl.java:43)
	at java.lang.reflect.Method.invoke(Method.java:606)
	at org.apache.maven.surefire.util.ReflectionUtils.invokeMethodWithArray(ReflectionUtils.java:189)
	at org.apache.maven.surefire.booter.ProviderFactory$ProviderProxy.invoke(ProviderFactory.java:165)
	at org.apache.maven.surefire.booter.ProviderFactory.invokeProvider(ProviderFactory.java:85)
	at org.apache.maven.surefire.booter.ForkedBooter.runSuitesInProcess(ForkedBooter.java:115)
	at org.apache.maven.surefire.booter.ForkedBooter.main(ForkedBooter.java:75)
</failure>
    <system-out>Hibernate: select persona0_.idPersona as idPersona0_, persona0_.apellidos as apellidos0_, persona0_.edad as edad0_, persona0_.f_nacimiento as f4_0_, persona0_.nombre as nombre0_ from Persona persona0_ order by persona0_.idPersona asc
</system-out>
  </testcase>
  <testcase time="0" classname="PersonaTest" name="testInsert"/>
  <testcase time="0" classname="PersonaTest" name="testUpdate"/>
</testsuite>